{"C:\\Users\\user\\recruitment-system-backend\\src\\app.controller.ts": {"path":"C:\\Users\\user\\recruitment-system-backend\\src\\app.controller.ts","statementMap":{"0":{"start":{"line":1,"column":0},"end":{"line":1,"column":49}},"1":{"start":{"line":2,"column":0},"end":{"line":2,"column":43}},"2":{"start":{"line":5,"column":7},"end":{"line":12,"column":null}},"3":{"start":{"line":6,"column":31},"end":{"line":6,"column":43}},"4":{"start":{"line":10,"column":4},"end":{"line":10,"column":38}},"5":{"start":{"line":5,"column":13},"end":{"line":5,"column":26}},"6":{"start":{"line":9,"column":2},"end":{"line":11,"column":null}},"7":{"start":{"line":5,"column":13},"end":{"line":12,"column":null}}},"fnMap":{"0":{"name":"(anonymous_2)","decl":{"start":{"line":6,"column":2},"end":{"line":6,"column":31}},"loc":{"start":{"line":6,"column":53},"end":{"line":6,"column":57}}},"1":{"name":"(anonymous_3)","decl":{"start":{"line":9,"column":2},"end":{"line":9,"column":10}},"loc":{"start":{"line":9,"column":10},"end":{"line":11,"column":3}}}},"branchMap":{},"s":{"0":0,"1":0,"2":0,"3":0,"4":0,"5":0,"6":0,"7":0},"f":{"0":0,"1":0},"b":{}}
,"C:\\Users\\user\\recruitment-system-backend\\src\\app.module.ts": {"path":"C:\\Users\\user\\recruitment-system-backend\\src\\app.module.ts","statementMap":{"0":{"start":{"line":1,"column":0},"end":{"line":1,"column":40}},"1":{"start":{"line":2,"column":0},"end":{"line":2,"column":46}},"2":{"start":{"line":3,"column":0},"end":{"line":3,"column":54}},"3":{"start":{"line":4,"column":0},"end":{"line":4,"column":48}},"4":{"start":{"line":5,"column":0},"end":{"line":5,"column":51}},"5":{"start":{"line":6,"column":0},"end":{"line":6,"column":63}},"6":{"start":{"line":7,"column":0},"end":{"line":7,"column":63}},"7":{"start":{"line":8,"column":0},"end":{"line":8,"column":65}},"8":{"start":{"line":9,"column":0},"end":{"line":9,"column":48}},"9":{"start":{"line":10,"column":0},"end":{"line":10,"column":51}},"10":{"start":{"line":11,"column":0},"end":{"line":11,"column":51}},"11":{"start":{"line":12,"column":0},"end":{"line":12,"column":72}},"12":{"start":{"line":13,"column":0},"end":{"line":13,"column":66}},"13":{"start":{"line":14,"column":0},"end":{"line":14,"column":57}},"14":{"start":{"line":15,"column":0},"end":{"line":15,"column":62}},"15":{"start":{"line":16,"column":0},"end":{"line":16,"column":68}},"16":{"start":{"line":37,"column":7},"end":{"line":37,"column":null}},"17":{"start":{"line":37,"column":13},"end":{"line":37,"column":22}},"18":{"start":{"line":37,"column":13},"end":{"line":37,"column":null}}},"fnMap":{},"branchMap":{},"s":{"0":0,"1":0,"2":0,"3":0,"4":0,"5":0,"6":0,"7":0,"8":0,"9":0,"10":0,"11":0,"12":0,"13":0,"14":0,"15":0,"16":0,"17":0,"18":0},"f":{},"b":{}}
,"C:\\Users\\user\\recruitment-system-backend\\src\\app.service.ts": {"path":"C:\\Users\\user\\recruitment-system-backend\\src\\app.service.ts","statementMap":{"0":{"start":{"line":1,"column":0},"end":{"line":1,"column":44}},"1":{"start":{"line":4,"column":7},"end":{"line":8,"column":null}},"2":{"start":{"line":6,"column":4},"end":{"line":6,"column":26}},"3":{"start":{"line":4,"column":13},"end":{"line":4,"column":23}},"4":{"start":{"line":4,"column":13},"end":{"line":8,"column":null}}},"fnMap":{"0":{"name":"(anonymous_1)","decl":{"start":{"line":5,"column":2},"end":{"line":5,"column":10}},"loc":{"start":{"line":5,"column":10},"end":{"line":7,"column":3}}}},"branchMap":{},"s":{"0":0,"1":0,"2":0,"3":0,"4":0},"f":{"0":0},"b":{}}
,"C:\\Users\\user\\recruitment-system-backend\\src\\main.ts": {"path":"C:\\Users\\user\\recruitment-system-backend\\src\\main.ts","statementMap":{"0":{"start":{"line":1,"column":0},"end":{"line":1,"column":43}},"1":{"start":{"line":2,"column":0},"end":{"line":2,"column":48}},"2":{"start":{"line":3,"column":0},"end":{"line":3,"column":41}},"3":{"start":{"line":5,"column":0},"end":{"line":5,"column":28}},"4":{"start":{"line":8,"column":14},"end":{"line":8,"column":73}},"5":{"start":{"line":11,"column":2},"end":{"line":17,"column":4}},"6":{"start":{"line":20,"column":2},"end":{"line":23,"column":5}},"7":{"start":{"line":26,"column":2},"end":{"line":28,"column":5}},"8":{"start":{"line":30,"column":2},"end":{"line":30,"column":25}},"9":{"start":{"line":31,"column":2},"end":{"line":31,"column":66}},"10":{"start":{"line":33,"column":0},"end":{"line":33,"column":12}}},"fnMap":{"0":{"name":"bootstrap","decl":{"start":{"line":7,"column":15},"end":{"line":7,"column":24}},"loc":{"start":{"line":7,"column":24},"end":{"line":32,"column":1}}}},"branchMap":{},"s":{"0":0,"1":0,"2":0,"3":0,"4":0,"5":0,"6":0,"7":0,"8":0,"9":0,"10":0},"f":{"0":0},"b":{}}
,"C:\\Users\\user\\recruitment-system-backend\\src\\admin\\admin.controller.ts": {"path":"C:\\Users\\user\\recruitment-system-backend\\src\\admin\\admin.controller.ts","statementMap":{"0":{"start":{"line":1,"column":0},"end":{"line":1,"column":null}},"1":{"start":{"line":14,"column":0},"end":{"line":14,"column":55}},"2":{"start":{"line":15,"column":0},"end":{"line":15,"column":50}},"3":{"start":{"line":16,"column":0},"end":{"line":16,"column":49}},"4":{"start":{"line":18,"column":0},"end":{"line":18,"column":47}},"5":{"start":{"line":20,"column":0},"end":{"line":20,"column":54}},"6":{"start":{"line":21,"column":0},"end":{"line":21,"column":60}},"7":{"start":{"line":52,"column":7},"end":{"line":112,"column":null}},"8":{"start":{"line":53,"column":31},"end":{"line":53,"column":45}},"9":{"start":{"line":60,"column":4},"end":{"line":60,"column":43}},"10":{"start":{"line":68,"column":4},"end":{"line":68,"column":40}},"11":{"start":{"line":76,"column":4},"end":{"line":76,"column":46}},"12":{"start":{"line":87,"column":4},"end":{"line":87,"column":60}},"13":{"start":{"line":98,"column":4},"end":{"line":98,"column":82}},"14":{"start":{"line":109,"column":20},"end":{"line":109,"column":61}},"15":{"start":{"line":110,"column":4},"end":{"line":110,"column":54}},"16":{"start":{"line":52,"column":13},"end":{"line":52,"column":28}},"17":{"start":{"line":59,"column":8},"end":{"line":61,"column":null}},"18":{"start":{"line":67,"column":8},"end":{"line":69,"column":null}},"19":{"start":{"line":75,"column":8},"end":{"line":77,"column":null}},"20":{"start":{"line":83,"column":8},"end":{"line":88,"column":null}},"21":{"start":{"line":94,"column":8},"end":{"line":99,"column":null}},"22":{"start":{"line":105,"column":8},"end":{"line":111,"column":null}},"23":{"start":{"line":52,"column":13},"end":{"line":112,"column":null}}},"fnMap":{"0":{"name":"(anonymous_4)","decl":{"start":{"line":53,"column":2},"end":{"line":53,"column":31}},"loc":{"start":{"line":53,"column":57},"end":{"line":53,"column":61}}},"1":{"name":"(anonymous_5)","decl":{"start":{"line":59,"column":2},"end":{"line":59,"column":7}},"loc":{"start":{"line":59,"column":19},"end":{"line":61,"column":3}}},"2":{"name":"(anonymous_6)","decl":{"start":{"line":67,"column":2},"end":{"line":67,"column":7}},"loc":{"start":{"line":67,"column":16},"end":{"line":69,"column":3}}},"3":{"name":"(anonymous_7)","decl":{"start":{"line":75,"column":2},"end":{"line":75,"column":7}},"loc":{"start":{"line":75,"column":43},"end":{"line":77,"column":3}}},"4":{"name":"(anonymous_8)","decl":{"start":{"line":83,"column":2},"end":{"line":83,"column":7}},"loc":{"start":{"line":85,"column":40},"end":{"line":88,"column":3}}},"5":{"name":"(anonymous_9)","decl":{"start":{"line":94,"column":2},"end":{"line":94,"column":7}},"loc":{"start":{"line":96,"column":46},"end":{"line":99,"column":3}}},"6":{"name":"(anonymous_10)","decl":{"start":{"line":105,"column":2},"end":{"line":105,"column":7}},"loc":{"start":{"line":107,"column":44},"end":{"line":111,"column":3}}}},"branchMap":{"0":{"loc":{"start":{"line":109,"column":20},"end":{"line":109,"column":61}},"type":"binary-expr","locations":[{"start":{"line":109,"column":20},"end":{"line":109,"column":40}},{"start":{"line":109,"column":44},"end":{"line":109,"column":61}}]}},"s":{"0":0,"1":0,"2":0,"3":0,"4":0,"5":0,"6":0,"7":0,"8":0,"9":0,"10":0,"11":0,"12":0,"13":0,"14":0,"15":0,"16":0,"17":0,"18":0,"19":0,"20":0,"21":0,"22":0,"23":0},"f":{"0":0,"1":0,"2":0,"3":0,"4":0,"5":0,"6":0},"b":{"0":[0,0]}}
,"C:\\Users\\user\\recruitment-system-backend\\src\\admin\\admin.module.ts": {"path":"C:\\Users\\user\\recruitment-system-backend\\src\\admin\\admin.module.ts","statementMap":{"0":{"start":{"line":1,"column":0},"end":{"line":1,"column":40}},"1":{"start":{"line":2,"column":0},"end":{"line":2,"column":47}},"2":{"start":{"line":3,"column":0},"end":{"line":3,"column":53}},"3":{"start":{"line":4,"column":0},"end":{"line":4,"column":55}},"4":{"start":{"line":5,"column":0},"end":{"line":5,"column":52}},"5":{"start":{"line":12,"column":7},"end":{"line":12,"column":null}},"6":{"start":{"line":12,"column":13},"end":{"line":12,"column":24}},"7":{"start":{"line":12,"column":13},"end":{"line":12,"column":null}}},"fnMap":{},"branchMap":{},"s":{"0":0,"1":0,"2":0,"3":0,"4":0,"5":0,"6":0,"7":0},"f":{},"b":{}}
,"C:\\Users\\user\\recruitment-system-backend\\src\\admin\\admin.service.ts": {"path":"C:\\Users\\user\\recruitment-system-backend\\src\\admin\\admin.service.ts","statementMap":{"0":{"start":{"line":96,"column":2},"end":{"line":96,"column":106}},"1":{"start":{"line":97,"column":0},"end":{"line":97,"column":57}},"2":{"start":{"line":98,"column":0},"end":{"line":98,"column":38}},"3":{"start":{"line":99,"column":0},"end":{"line":99,"column":33}},"4":{"start":{"line":102,"column":7},"end":{"line":336,"column":null}},"5":{"start":{"line":103,"column":22},"end":{"line":103,"column":30}},"6":{"start":{"line":109,"column":4},"end":{"line":123,"column":7}},"7":{"start":{"line":130,"column":17},"end":{"line":142,"column":6}},"8":{"start":{"line":144,"column":4},"end":{"line":146,"column":5}},"9":{"start":{"line":145,"column":6},"end":{"line":145,"column":61}},"10":{"start":{"line":148,"column":4},"end":{"line":148,"column":16}},"11":{"start":{"line":163,"column":25},"end":{"line":165,"column":6}},"12":{"start":{"line":167,"column":4},"end":{"line":169,"column":5}},"13":{"start":{"line":168,"column":6},"end":{"line":168,"column":66}},"14":{"start":{"line":172,"column":27},"end":{"line":172,"column":63}},"15":{"start":{"line":175,"column":17},"end":{"line":193,"column":6}},"16":{"start":{"line":195,"column":4},"end":{"line":195,"column":16}},"17":{"start":{"line":212,"column":17},"end":{"line":214,"column":6}},"18":{"start":{"line":216,"column":4},"end":{"line":218,"column":5}},"19":{"start":{"line":217,"column":6},"end":{"line":217,"column":61}},"20":{"start":{"line":221,"column":4},"end":{"line":229,"column":5}},"21":{"start":{"line":222,"column":26},"end":{"line":224,"column":8}},"22":{"start":{"line":226,"column":6},"end":{"line":228,"column":7}},"23":{"start":{"line":227,"column":8},"end":{"line":227,"column":93}},"24":{"start":{"line":232,"column":24},"end":{"line":251,"column":6}},"25":{"start":{"line":253,"column":4},"end":{"line":253,"column":23}},"26":{"start":{"line":260,"column":17},"end":{"line":262,"column":6}},"27":{"start":{"line":264,"column":4},"end":{"line":266,"column":5}},"28":{"start":{"line":265,"column":6},"end":{"line":265,"column":61}},"29":{"start":{"line":268,"column":27},"end":{"line":268,"column":61}},"30":{"start":{"line":270,"column":4},"end":{"line":275,"column":7}},"31":{"start":{"line":277,"column":4},"end":{"line":277,"column":64}},"32":{"start":{"line":284,"column":17},"end":{"line":286,"column":6}},"33":{"start":{"line":288,"column":4},"end":{"line":290,"column":5}},"34":{"start":{"line":289,"column":6},"end":{"line":289,"column":61}},"35":{"start":{"line":293,"column":4},"end":{"line":295,"column":5}},"36":{"start":{"line":294,"column":6},"end":{"line":294,"column":87}},"37":{"start":{"line":298,"column":4},"end":{"line":306,"column":5}},"38":{"start":{"line":299,"column":25},"end":{"line":301,"column":8}},"39":{"start":{"line":303,"column":6},"end":{"line":305,"column":7}},"40":{"start":{"line":304,"column":8},"end":{"line":304,"column":90}},"41":{"start":{"line":309,"column":4},"end":{"line":311,"column":7}},"42":{"start":{"line":313,"column":4},"end":{"line":313,"column":59}},"43":{"start":{"line":320,"column":64},"end":{"line":326,"column":6}},"44":{"start":{"line":328,"column":4},"end":{"line":334,"column":6}},"45":{"start":{"line":102,"column":13},"end":{"line":102,"column":25}},"46":{"start":{"line":102,"column":13},"end":{"line":336,"column":null}}},"fnMap":{"0":{"name":"(anonymous_2)","decl":{"start":{"line":103,"column":2},"end":{"line":103,"column":22}},"loc":{"start":{"line":103,"column":43},"end":{"line":103,"column":47}}},"1":{"name":"(anonymous_3)","decl":{"start":{"line":108,"column":2},"end":{"line":108,"column":7}},"loc":{"start":{"line":108,"column":19},"end":{"line":124,"column":3}}},"2":{"name":"(anonymous_4)","decl":{"start":{"line":129,"column":2},"end":{"line":129,"column":7}},"loc":{"start":{"line":129,"column":30},"end":{"line":149,"column":3}}},"3":{"name":"(anonymous_5)","decl":{"start":{"line":154,"column":2},"end":{"line":154,"column":7}},"loc":{"start":{"line":161,"column":3},"end":{"line":196,"column":3}}},"4":{"name":"(anonymous_6)","decl":{"start":{"line":201,"column":2},"end":{"line":201,"column":7}},"loc":{"start":{"line":209,"column":5},"end":{"line":254,"column":3}}},"5":{"name":"(anonymous_7)","decl":{"start":{"line":259,"column":2},"end":{"line":259,"column":7}},"loc":{"start":{"line":259,"column":57},"end":{"line":278,"column":3}}},"6":{"name":"(anonymous_8)","decl":{"start":{"line":283,"column":2},"end":{"line":283,"column":7}},"loc":{"start":{"line":283,"column":46},"end":{"line":314,"column":3}}},"7":{"name":"(anonymous_9)","decl":{"start":{"line":319,"column":2},"end":{"line":319,"column":7}},"loc":{"start":{"line":319,"column":16},"end":{"line":335,"column":3}}}},"branchMap":{"0":{"loc":{"start":{"line":144,"column":4},"end":{"line":146,"column":5}},"type":"if","locations":[{"start":{"line":144,"column":4},"end":{"line":146,"column":5}}]},"1":{"loc":{"start":{"line":167,"column":4},"end":{"line":169,"column":5}},"type":"if","locations":[{"start":{"line":167,"column":4},"end":{"line":169,"column":5}}]},"2":{"loc":{"start":{"line":216,"column":4},"end":{"line":218,"column":5}},"type":"if","locations":[{"start":{"line":216,"column":4},"end":{"line":218,"column":5}}]},"3":{"loc":{"start":{"line":221,"column":4},"end":{"line":229,"column":5}},"type":"if","locations":[{"start":{"line":221,"column":4},"end":{"line":229,"column":5}}]},"4":{"loc":{"start":{"line":221,"column":8},"end":{"line":221,"column":47}},"type":"binary-expr","locations":[{"start":{"line":221,"column":8},"end":{"line":221,"column":18}},{"start":{"line":221,"column":22},"end":{"line":221,"column":47}}]},"5":{"loc":{"start":{"line":226,"column":6},"end":{"line":228,"column":7}},"type":"if","locations":[{"start":{"line":226,"column":6},"end":{"line":228,"column":7}}]},"6":{"loc":{"start":{"line":235,"column":12},"end":{"line":235,"column":47}},"type":"binary-expr","locations":[{"start":{"line":235,"column":12},"end":{"line":235,"column":22}},{"start":{"line":235,"column":26},"end":{"line":235,"column":47}}]},"7":{"loc":{"start":{"line":236,"column":12},"end":{"line":236,"column":59}},"type":"binary-expr","locations":[{"start":{"line":236,"column":12},"end":{"line":236,"column":26}},{"start":{"line":236,"column":30},"end":{"line":236,"column":59}}]},"8":{"loc":{"start":{"line":237,"column":12},"end":{"line":237,"column":56}},"type":"binary-expr","locations":[{"start":{"line":237,"column":12},"end":{"line":237,"column":25}},{"start":{"line":237,"column":29},"end":{"line":237,"column":56}}]},"9":{"loc":{"start":{"line":238,"column":12},"end":{"line":238,"column":61}},"type":"binary-expr","locations":[{"start":{"line":238,"column":12},"end":{"line":238,"column":36}},{"start":{"line":238,"column":40},"end":{"line":238,"column":61}}]},"10":{"loc":{"start":{"line":239,"column":12},"end":{"line":239,"column":44}},"type":"binary-expr","locations":[{"start":{"line":239,"column":12},"end":{"line":239,"column":21}},{"start":{"line":239,"column":25},"end":{"line":239,"column":44}}]},"11":{"loc":{"start":{"line":264,"column":4},"end":{"line":266,"column":5}},"type":"if","locations":[{"start":{"line":264,"column":4},"end":{"line":266,"column":5}}]},"12":{"loc":{"start":{"line":288,"column":4},"end":{"line":290,"column":5}},"type":"if","locations":[{"start":{"line":288,"column":4},"end":{"line":290,"column":5}}]},"13":{"loc":{"start":{"line":293,"column":4},"end":{"line":295,"column":5}},"type":"if","locations":[{"start":{"line":293,"column":4},"end":{"line":295,"column":5}}]},"14":{"loc":{"start":{"line":298,"column":4},"end":{"line":306,"column":5}},"type":"if","locations":[{"start":{"line":298,"column":4},"end":{"line":306,"column":5}}]},"15":{"loc":{"start":{"line":303,"column":6},"end":{"line":305,"column":7}},"type":"if","locations":[{"start":{"line":303,"column":6},"end":{"line":305,"column":7}}]}},"s":{"0":0,"1":0,"2":0,"3":0,"4":0,"5":0,"6":0,"7":0,"8":0,"9":0,"10":0,"11":0,"12":0,"13":0,"14":0,"15":0,"16":0,"17":0,"18":0,"19":0,"20":0,"21":0,"22":0,"23":0,"24":0,"25":0,"26":0,"27":0,"28":0,"29":0,"30":0,"31":0,"32":0,"33":0,"34":0,"35":0,"36":0,"37":0,"38":0,"39":0,"40":0,"41":0,"42":0,"43":0,"44":0,"45":0,"46":0},"f":{"0":0,"1":0,"2":0,"3":0,"4":0,"5":0,"6":0,"7":0},"b":{"0":[0],"1":[0],"2":[0],"3":[0],"4":[0,0],"5":[0],"6":[0,0],"7":[0,0],"8":[0,0],"9":[0,0],"10":[0,0],"11":[0],"12":[0],"13":[0],"14":[0],"15":[0]}}
,"C:\\Users\\user\\recruitment-system-backend\\src\\admin\\dto\\create-user.dto.ts": {"path":"C:\\Users\\user\\recruitment-system-backend\\src\\admin\\dto\\create-user.dto.ts","statementMap":{"0":{"start":{"line":1,"column":0},"end":{"line":1,"column":84}},"1":{"start":{"line":2,"column":0},"end":{"line":2,"column":38}},"2":{"start":{"line":4,"column":0},"end":{"line":4,"column":13}},"3":{"start":{"line":7,"column":2},"end":{"line":7,"column":null}},"4":{"start":{"line":11,"column":2},"end":{"line":11,"column":null}},"5":{"start":{"line":15,"column":2},"end":{"line":15,"column":null}},"6":{"start":{"line":19,"column":2},"end":{"line":19,"column":null}},"7":{"start":{"line":22,"column":2},"end":{"line":22,"column":null}}},"fnMap":{},"branchMap":{},"s":{"0":0,"1":0,"2":0,"3":0,"4":0,"5":0,"6":0,"7":0},"f":{},"b":{}}
,"C:\\Users\\user\\recruitment-system-backend\\src\\admin\\dto\\reset-password.dto.ts": {"path":"C:\\Users\\user\\recruitment-system-backend\\src\\admin\\dto\\reset-password.dto.ts","statementMap":{"0":{"start":{"line":1,"column":0},"end":{"line":1,"column":66}},"1":{"start":{"line":3,"column":0},"end":{"line":3,"column":13}},"2":{"start":{"line":7,"column":4},"end":{"line":7,"column":null}}},"fnMap":{},"branchMap":{},"s":{"0":0,"1":0,"2":0},"f":{},"b":{}}
,"C:\\Users\\user\\recruitment-system-backend\\src\\admin\\dto\\update-user.dto.ts": {"path":"C:\\Users\\user\\recruitment-system-backend\\src\\admin\\dto\\update-user.dto.ts","statementMap":{"0":{"start":{"line":1,"column":0},"end":{"line":1,"column":83}},"1":{"start":{"line":2,"column":0},"end":{"line":2,"column":38}},"2":{"start":{"line":4,"column":0},"end":{"line":4,"column":13}},"3":{"start":{"line":7,"column":2},"end":{"line":7,"column":null}},"4":{"start":{"line":12,"column":2},"end":{"line":12,"column":null}},"5":{"start":{"line":17,"column":2},"end":{"line":17,"column":null}},"6":{"start":{"line":21,"column":2},"end":{"line":21,"column":null}},"7":{"start":{"line":25,"column":2},"end":{"line":25,"column":null}}},"fnMap":{},"branchMap":{},"s":{"0":0,"1":0,"2":0,"3":0,"4":0,"5":0,"6":0,"7":0},"f":{},"b":{}}
,"C:\\Users\\user\\recruitment-system-backend\\src\\applications\\applications.controller.ts": {"path":"C:\\Users\\user\\recruitment-system-backend\\src\\applications\\applications.controller.ts","statementMap":{"0":{"start":{"line":1,"column":0},"end":{"line":1,"column":null}},"1":{"start":{"line":18,"column":0},"end":{"line":18,"column":59}},"2":{"start":{"line":19,"column":0},"end":{"line":19,"column":37}},"3":{"start":{"line":20,"column":0},"end":{"line":20,"column":31}},"4":{"start":{"line":21,"column":0},"end":{"line":21,"column":61}},"5":{"start":{"line":22,"column":0},"end":{"line":22,"column":68}},"6":{"start":{"line":23,"column":0},"end":{"line":23,"column":55}},"7":{"start":{"line":24,"column":0},"end":{"line":24,"column":50}},"8":{"start":{"line":25,"column":0},"end":{"line":25,"column":49}},"9":{"start":{"line":27,"column":0},"end":{"line":27,"column":57}},"10":{"start":{"line":31,"column":7},"end":{"line":204,"column":null}},"11":{"start":{"line":32,"column":31},"end":{"line":32,"column":52}},"12":{"start":{"line":40,"column":19},"end":{"line":40,"column":52}},"13":{"start":{"line":41,"column":4},"end":{"line":41,"column":64}},"14":{"start":{"line":52,"column":17},"end":{"line":52,"column":50}},"15":{"start":{"line":53,"column":2},"end":{"line":53,"column":94}},"16":{"start":{"line":64,"column":17},"end":{"line":64,"column":50}},"17":{"start":{"line":65,"column":2},"end":{"line":65,"column":92}},"18":{"start":{"line":76,"column":19},"end":{"line":76,"column":60}},"19":{"start":{"line":77,"column":4},"end":{"line":77,"column":63}},"20":{"start":{"line":115,"column":4},"end":{"line":117,"column":5}},"21":{"start":{"line":116,"column":6},"end":{"line":116,"column":61}},"22":{"start":{"line":119,"column":19},"end":{"line":119,"column":60}},"23":{"start":{"line":121,"column":4},"end":{"line":123,"column":5}},"24":{"start":{"line":122,"column":6},"end":{"line":122,"column":67}},"25":{"start":{"line":125,"column":19},"end":{"line":125,"column":46}},"26":{"start":{"line":127,"column":4},"end":{"line":130,"column":7}},"27":{"start":{"line":140,"column":19},"end":{"line":140,"column":60}},"28":{"start":{"line":141,"column":17},"end":{"line":141,"column":35}},"29":{"start":{"line":143,"column":4},"end":{"line":143,"column":70}},"30":{"start":{"line":152,"column":19},"end":{"line":152,"column":60}},"31":{"start":{"line":153,"column":17},"end":{"line":153,"column":35}},"32":{"start":{"line":154,"column":4},"end":{"line":154,"column":62}},"33":{"start":{"line":164,"column":19},"end":{"line":164,"column":60}},"34":{"start":{"line":165,"column":4},"end":{"line":165,"column":58}},"35":{"start":{"line":175,"column":19},"end":{"line":175,"column":60}},"36":{"start":{"line":176,"column":17},"end":{"line":176,"column":35}},"37":{"start":{"line":177,"column":4},"end":{"line":177,"column":61}},"38":{"start":{"line":188,"column":19},"end":{"line":188,"column":60}},"39":{"start":{"line":189,"column":17},"end":{"line":189,"column":35}},"40":{"start":{"line":190,"column":4},"end":{"line":190,"column":75}},"41":{"start":{"line":200,"column":19},"end":{"line":200,"column":60}},"42":{"start":{"line":201,"column":17},"end":{"line":201,"column":35}},"43":{"start":{"line":202,"column":4},"end":{"line":202,"column":61}},"44":{"start":{"line":31,"column":13},"end":{"line":31,"column":35}},"45":{"start":{"line":39,"column":8},"end":{"line":42,"column":null}},"46":{"start":{"line":47,"column":6},"end":{"line":54,"column":null}},"47":{"start":{"line":59,"column":6},"end":{"line":66,"column":null}},"48":{"start":{"line":75,"column":2},"end":{"line":78,"column":null}},"49":{"start":{"line":110,"column":8},"end":{"line":131,"column":null}},"50":{"start":{"line":90,"column":31},"end":{"line":90,"column":81}},"51":{"start":{"line":91,"column":22},"end":{"line":91,"column":48}},"52":{"start":{"line":92,"column":27},"end":{"line":92,"column":53}},"53":{"start":{"line":93,"column":10},"end":{"line":93,"column":35}},"54":{"start":{"line":97,"column":8},"end":{"line":102,"column":9}},"55":{"start":{"line":98,"column":10},"end":{"line":101,"column":12}},"56":{"start":{"line":103,"column":8},"end":{"line":103,"column":29}},"57":{"start":{"line":136,"column":2},"end":{"line":144,"column":null}},"58":{"start":{"line":148,"column":2},"end":{"line":155,"column":null}},"59":{"start":{"line":160,"column":2},"end":{"line":166,"column":null}},"60":{"start":{"line":171,"column":2},"end":{"line":178,"column":null}},"61":{"start":{"line":183,"column":2},"end":{"line":191,"column":null}},"62":{"start":{"line":196,"column":2},"end":{"line":203,"column":null}},"63":{"start":{"line":31,"column":13},"end":{"line":204,"column":null}}},"fnMap":{"0":{"name":"(anonymous_4)","decl":{"start":{"line":32,"column":2},"end":{"line":32,"column":31}},"loc":{"start":{"line":32,"column":71},"end":{"line":32,"column":75}}},"1":{"name":"(anonymous_5)","decl":{"start":{"line":39,"column":2},"end":{"line":39,"column":7}},"loc":{"start":{"line":39,"column":70},"end":{"line":42,"column":3}}},"2":{"name":"(anonymous_6)","decl":{"start":{"line":47,"column":0},"end":{"line":47,"column":5}},"loc":{"start":{"line":50,"column":38},"end":{"line":54,"column":1}}},"3":{"name":"(anonymous_7)","decl":{"start":{"line":59,"column":0},"end":{"line":59,"column":5}},"loc":{"start":{"line":62,"column":38},"end":{"line":66,"column":1}}},"4":{"name":"(anonymous_8)","decl":{"start":{"line":75,"column":2},"end":{"line":75,"column":20}},"loc":{"start":{"line":75,"column":61},"end":{"line":78,"column":3}}},"5":{"name":"(anonymous_9)","decl":{"start":{"line":110,"column":2},"end":{"line":110,"column":7}},"loc":{"start":{"line":113,"column":45},"end":{"line":131,"column":3}}},"6":{"name":"(anonymous_10)","decl":{"start":{"line":136,"column":2},"end":{"line":136,"column":11}},"loc":{"start":{"line":138,"column":44},"end":{"line":144,"column":3}}},"7":{"name":"(anonymous_11)","decl":{"start":{"line":148,"column":2},"end":{"line":148,"column":9}},"loc":{"start":{"line":150,"column":44},"end":{"line":155,"column":3}}},"8":{"name":"(anonymous_12)","decl":{"start":{"line":160,"column":2},"end":{"line":160,"column":11}},"loc":{"start":{"line":162,"column":44},"end":{"line":166,"column":3}}},"9":{"name":"(anonymous_13)","decl":{"start":{"line":171,"column":2},"end":{"line":171,"column":8}},"loc":{"start":{"line":173,"column":44},"end":{"line":178,"column":3}}},"10":{"name":"(anonymous_14)","decl":{"start":{"line":183,"column":2},"end":{"line":183,"column":14}},"loc":{"start":{"line":186,"column":44},"end":{"line":191,"column":3}}},"11":{"name":"(anonymous_15)","decl":{"start":{"line":196,"column":2},"end":{"line":196,"column":8}},"loc":{"start":{"line":198,"column":44},"end":{"line":203,"column":3}}},"12":{"name":"(anonymous_16)","decl":{"start":{"line":89,"column":18},"end":{"line":89,"column":19}},"loc":{"start":{"line":89,"column":42},"end":{"line":94,"column":9}}},"13":{"name":"(anonymous_17)","decl":{"start":{"line":96,"column":18},"end":{"line":96,"column":19}},"loc":{"start":{"line":96,"column":42},"end":{"line":104,"column":7}}}},"branchMap":{"0":{"loc":{"start":{"line":40,"column":19},"end":{"line":40,"column":52}},"type":"binary-expr","locations":[{"start":{"line":40,"column":19},"end":{"line":40,"column":35}},{"start":{"line":40,"column":39},"end":{"line":40,"column":52}}]},"1":{"loc":{"start":{"line":52,"column":17},"end":{"line":52,"column":50}},"type":"binary-expr","locations":[{"start":{"line":52,"column":17},"end":{"line":52,"column":33}},{"start":{"line":52,"column":37},"end":{"line":52,"column":50}}]},"2":{"loc":{"start":{"line":64,"column":17},"end":{"line":64,"column":50}},"type":"binary-expr","locations":[{"start":{"line":64,"column":17},"end":{"line":64,"column":33}},{"start":{"line":64,"column":37},"end":{"line":64,"column":50}}]},"3":{"loc":{"start":{"line":76,"column":19},"end":{"line":76,"column":60}},"type":"binary-expr","locations":[{"start":{"line":76,"column":19},"end":{"line":76,"column":39}},{"start":{"line":76,"column":43},"end":{"line":76,"column":60}}]},"4":{"loc":{"start":{"line":115,"column":4},"end":{"line":117,"column":5}},"type":"if","locations":[{"start":{"line":115,"column":4},"end":{"line":117,"column":5}}]},"5":{"loc":{"start":{"line":119,"column":19},"end":{"line":119,"column":60}},"type":"binary-expr","locations":[{"start":{"line":119,"column":19},"end":{"line":119,"column":39}},{"start":{"line":119,"column":43},"end":{"line":119,"column":60}}]},"6":{"loc":{"start":{"line":121,"column":4},"end":{"line":123,"column":5}},"type":"if","locations":[{"start":{"line":121,"column":4},"end":{"line":123,"column":5}}]},"7":{"loc":{"start":{"line":140,"column":19},"end":{"line":140,"column":60}},"type":"binary-expr","locations":[{"start":{"line":140,"column":19},"end":{"line":140,"column":39}},{"start":{"line":140,"column":43},"end":{"line":140,"column":60}}]},"8":{"loc":{"start":{"line":152,"column":19},"end":{"line":152,"column":60}},"type":"binary-expr","locations":[{"start":{"line":152,"column":19},"end":{"line":152,"column":39}},{"start":{"line":152,"column":43},"end":{"line":152,"column":60}}]},"9":{"loc":{"start":{"line":164,"column":19},"end":{"line":164,"column":60}},"type":"binary-expr","locations":[{"start":{"line":164,"column":19},"end":{"line":164,"column":39}},{"start":{"line":164,"column":43},"end":{"line":164,"column":60}}]},"10":{"loc":{"start":{"line":175,"column":19},"end":{"line":175,"column":60}},"type":"binary-expr","locations":[{"start":{"line":175,"column":19},"end":{"line":175,"column":39}},{"start":{"line":175,"column":43},"end":{"line":175,"column":60}}]},"11":{"loc":{"start":{"line":188,"column":19},"end":{"line":188,"column":60}},"type":"binary-expr","locations":[{"start":{"line":188,"column":19},"end":{"line":188,"column":39}},{"start":{"line":188,"column":43},"end":{"line":188,"column":60}}]},"12":{"loc":{"start":{"line":200,"column":19},"end":{"line":200,"column":60}},"type":"binary-expr","locations":[{"start":{"line":200,"column":19},"end":{"line":200,"column":39}},{"start":{"line":200,"column":43},"end":{"line":200,"column":60}}]},"13":{"loc":{"start":{"line":97,"column":8},"end":{"line":102,"column":9}},"type":"if","locations":[{"start":{"line":97,"column":8},"end":{"line":102,"column":9}}]}},"s":{"0":0,"1":0,"2":0,"3":0,"4":0,"5":0,"6":0,"7":0,"8":0,"9":0,"10":0,"11":0,"12":0,"13":0,"14":0,"15":0,"16":0,"17":0,"18":0,"19":0,"20":0,"21":0,"22":0,"23":0,"24":0,"25":0,"26":0,"27":0,"28":0,"29":0,"30":0,"31":0,"32":0,"33":0,"34":0,"35":0,"36":0,"37":0,"38":0,"39":0,"40":0,"41":0,"42":0,"43":0,"44":0,"45":0,"46":0,"47":0,"48":0,"49":0,"50":0,"51":0,"52":0,"53":0,"54":0,"55":0,"56":0,"57":0,"58":0,"59":0,"60":0,"61":0,"62":0,"63":0},"f":{"0":0,"1":0,"2":0,"3":0,"4":0,"5":0,"6":0,"7":0,"8":0,"9":0,"10":0,"11":0,"12":0,"13":0},"b":{"0":[0,0],"1":[0,0],"2":[0,0],"3":[0,0],"4":[0],"5":[0,0],"6":[0],"7":[0,0],"8":[0,0],"9":[0,0],"10":[0,0],"11":[0,0],"12":[0,0],"13":[0]}}
,"C:\\Users\\user\\recruitment-system-backend\\src\\applications\\applications.module.ts": {"path":"C:\\Users\\user\\recruitment-system-backend\\src\\applications\\applications.module.ts","statementMap":{"0":{"start":{"line":1,"column":0},"end":{"line":1,"column":40}},"1":{"start":{"line":2,"column":0},"end":{"line":2,"column":61}},"2":{"start":{"line":3,"column":0},"end":{"line":3,"column":67}},"3":{"start":{"line":4,"column":0},"end":{"line":4,"column":55}},"4":{"start":{"line":5,"column":0},"end":{"line":5,"column":52}},"5":{"start":{"line":6,"column":0},"end":{"line":6,"column":64}},"6":{"start":{"line":13,"column":7},"end":{"line":13,"column":null}},"7":{"start":{"line":13,"column":13},"end":{"line":13,"column":31}},"8":{"start":{"line":13,"column":13},"end":{"line":13,"column":null}}},"fnMap":{},"branchMap":{},"s":{"0":0,"1":0,"2":0,"3":0,"4":0,"5":0,"6":0,"7":0,"8":0},"f":{},"b":{}}
,"C:\\Users\\user\\recruitment-system-backend\\src\\applications\\applications.service.ts": {"path":"C:\\Users\\user\\recruitment-system-backend\\src\\applications\\applications.service.ts","statementMap":{"0":{"start":{"line":2,"column":0},"end":{"line":2,"column":112}},"1":{"start":{"line":3,"column":0},"end":{"line":3,"column":57}},"2":{"start":{"line":4,"column":0},"end":{"line":4,"column":54}},"3":{"start":{"line":5,"column":0},"end":{"line":5,"column":65}},"4":{"start":{"line":7,"column":0},"end":{"line":7,"column":51}},"5":{"start":{"line":11,"column":32},"end":{"line":611,"column":null}},"6":{"start":{"line":13,"column":28},"end":{"line":13,"column":64}},"7":{"start":{"line":16,"column":12},"end":{"line":16,"column":20}},"8":{"start":{"line":17,"column":12},"end":{"line":17,"column":26}},"9":{"start":{"line":18,"column":12},"end":{"line":18,"column":29}},"10":{"start":{"line":22,"column":4},"end":{"line":22,"column":58}},"11":{"start":{"line":23,"column":4},"end":{"line":23,"column":59}},"12":{"start":{"line":25,"column":4},"end":{"line":27,"column":5}},"13":{"start":{"line":26,"column":6},"end":{"line":26,"column":67}},"14":{"start":{"line":30,"column":16},"end":{"line":32,"column":6}},"15":{"start":{"line":34,"column":4},"end":{"line":36,"column":5}},"16":{"start":{"line":35,"column":6},"end":{"line":35,"column":65}},"17":{"start":{"line":38,"column":4},"end":{"line":40,"column":5}},"18":{"start":{"line":39,"column":6},"end":{"line":39,"column":88}},"19":{"start":{"line":43,"column":32},"end":{"line":48,"column":6}},"20":{"start":{"line":50,"column":4},"end":{"line":52,"column":5}},"21":{"start":{"line":51,"column":6},"end":{"line":51,"column":76}},"22":{"start":{"line":55,"column":24},"end":{"line":86,"column":6}},"23":{"start":{"line":89,"column":4},"end":{"line":96,"column":5}},"24":{"start":{"line":90,"column":6},"end":{"line":93,"column":11}},"25":{"start":{"line":92,"column":10},"end":{"line":92,"column":95}},"26":{"start":{"line":95,"column":6},"end":{"line":95,"column":84}},"27":{"start":{"line":99,"column":4},"end":{"line":107,"column":5}},"28":{"start":{"line":100,"column":6},"end":{"line":104,"column":8}},"29":{"start":{"line":106,"column":6},"end":{"line":106,"column":67}},"30":{"start":{"line":109,"column":4},"end":{"line":109,"column":23}},"31":{"start":{"line":126,"column":2},"end":{"line":241,"column":3}},"32":{"start":{"line":127,"column":4},"end":{"line":127,"column":82}},"33":{"start":{"line":129,"column":4},"end":{"line":132,"column":5}},"34":{"start":{"line":130,"column":6},"end":{"line":130,"column":87}},"35":{"start":{"line":131,"column":6},"end":{"line":131,"column":13}},"36":{"start":{"line":134,"column":17},"end":{"line":134,"column":32}},"37":{"start":{"line":135,"column":15},"end":{"line":135,"column":28}},"38":{"start":{"line":138,"column":24},"end":{"line":138,"column":50}},"39":{"start":{"line":139,"column":21},"end":{"line":139,"column":47}},"40":{"start":{"line":142,"column":26},"end":{"line":146,"column":6}},"41":{"start":{"line":148,"column":24},"end":{"line":149,"column":null}},"42":{"start":{"line":149,"column":6},"end":{"line":149,"column":33}},"43":{"start":{"line":153,"column":6},"end":{"line":153,"column":73}},"44":{"start":{"line":155,"column":4},"end":{"line":155,"column":53}},"45":{"start":{"line":156,"column":4},"end":{"line":156,"column":59}},"46":{"start":{"line":158,"column":4},"end":{"line":175,"column":5}},"47":{"start":{"line":159,"column":6},"end":{"line":159,"column":68}},"48":{"start":{"line":161,"column":6},"end":{"line":172,"column":9}},"49":{"start":{"line":174,"column":6},"end":{"line":174,"column":13}},"50":{"start":{"line":177,"column":27},"end":{"line":197,"column":8}},"51":{"start":{"line":199,"column":21},"end":{"line":204,"column":6}},"52":{"start":{"line":206,"column":4},"end":{"line":206,"column":78}},"53":{"start":{"line":208,"column":4},"end":{"line":219,"column":7}},"54":{"start":{"line":221,"column":4},"end":{"line":225,"column":6}},"55":{"start":{"line":227,"column":4},"end":{"line":229,"column":6}},"56":{"start":{"line":231,"column":4},"end":{"line":240,"column":7}},"57":{"start":{"line":244,"column":4},"end":{"line":268,"column":7}},"58":{"start":{"line":274,"column":4},"end":{"line":285,"column":5}},"59":{"start":{"line":275,"column":6},"end":{"line":280,"column":9}},"60":{"start":{"line":282,"column":6},"end":{"line":284,"column":9}},"61":{"start":{"line":287,"column":4},"end":{"line":289,"column":5}},"62":{"start":{"line":288,"column":6},"end":{"line":288,"column":72}},"63":{"start":{"line":291,"column":4},"end":{"line":307,"column":7}},"64":{"start":{"line":311,"column":24},"end":{"line":336,"column":6}},"65":{"start":{"line":338,"column":4},"end":{"line":340,"column":5}},"66":{"start":{"line":339,"column":6},"end":{"line":339,"column":61}},"67":{"start":{"line":342,"column":4},"end":{"line":344,"column":5}},"68":{"start":{"line":343,"column":6},"end":{"line":343,"column":52}},"69":{"start":{"line":346,"column":4},"end":{"line":348,"column":5}},"70":{"start":{"line":347,"column":6},"end":{"line":347,"column":52}},"71":{"start":{"line":350,"column":4},"end":{"line":350,"column":23}},"72":{"start":{"line":354,"column":24},"end":{"line":360,"column":6}},"73":{"start":{"line":362,"column":4},"end":{"line":364,"column":5}},"74":{"start":{"line":363,"column":6},"end":{"line":363,"column":61}},"75":{"start":{"line":366,"column":4},"end":{"line":368,"column":5}},"76":{"start":{"line":367,"column":6},"end":{"line":367,"column":51}},"77":{"start":{"line":370,"column":4},"end":{"line":372,"column":5}},"78":{"start":{"line":371,"column":6},"end":{"line":371,"column":55}},"79":{"start":{"line":374,"column":20},"end":{"line":381,"column":6}},"80":{"start":{"line":383,"column":4},"end":{"line":387,"column":6}},"81":{"start":{"line":389,"column":4},"end":{"line":389,"column":19}},"82":{"start":{"line":393,"column":24},"end":{"line":399,"column":6}},"83":{"start":{"line":401,"column":4},"end":{"line":403,"column":5}},"84":{"start":{"line":402,"column":6},"end":{"line":402,"column":61}},"85":{"start":{"line":405,"column":4},"end":{"line":407,"column":5}},"86":{"start":{"line":406,"column":6},"end":{"line":406,"column":51}},"87":{"start":{"line":409,"column":20},"end":{"line":416,"column":6}},"88":{"start":{"line":418,"column":4},"end":{"line":422,"column":6}},"89":{"start":{"line":424,"column":4},"end":{"line":424,"column":19}},"90":{"start":{"line":428,"column":24},"end":{"line":431,"column":6}},"91":{"start":{"line":433,"column":4},"end":{"line":435,"column":5}},"92":{"start":{"line":434,"column":6},"end":{"line":434,"column":61}},"93":{"start":{"line":437,"column":4},"end":{"line":439,"column":5}},"94":{"start":{"line":438,"column":6},"end":{"line":438,"column":51}},"95":{"start":{"line":441,"column":4},"end":{"line":444,"column":7}},"96":{"start":{"line":450,"column":23},"end":{"line":489,"column":4}},"97":{"start":{"line":491,"column":2},"end":{"line":494,"column":4}},"98":{"start":{"line":503,"column":2},"end":{"line":509,"column":5}},"99":{"start":{"line":517,"column":24},"end":{"line":520,"column":6}},"100":{"start":{"line":522,"column":4},"end":{"line":524,"column":5}},"101":{"start":{"line":523,"column":6},"end":{"line":523,"column":61}},"102":{"start":{"line":526,"column":4},"end":{"line":528,"column":5}},"103":{"start":{"line":527,"column":6},"end":{"line":527,"column":51}},"104":{"start":{"line":530,"column":4},"end":{"line":532,"column":7}},"105":{"start":{"line":541,"column":20},"end":{"line":544,"column":4}},"106":{"start":{"line":546,"column":2},"end":{"line":546,"column":71}},"107":{"start":{"line":546,"column":18},"end":{"line":546,"column":71}},"108":{"start":{"line":547,"column":2},"end":{"line":549,"column":3}},"109":{"start":{"line":548,"column":4},"end":{"line":548,"column":49}},"110":{"start":{"line":552,"column":2},"end":{"line":555,"column":5}},"111":{"start":{"line":558,"column":18},"end":{"line":562,"column":4}},"112":{"start":{"line":565,"column":2},"end":{"line":569,"column":4}},"113":{"start":{"line":571,"column":2},"end":{"line":571,"column":17}},"114":{"start":{"line":579,"column":20},"end":{"line":582,"column":4}},"115":{"start":{"line":584,"column":2},"end":{"line":584,"column":71}},"116":{"start":{"line":584,"column":18},"end":{"line":584,"column":71}},"117":{"start":{"line":585,"column":2},"end":{"line":587,"column":3}},"118":{"start":{"line":586,"column":4},"end":{"line":586,"column":49}},"119":{"start":{"line":589,"column":2},"end":{"line":592,"column":5}},"120":{"start":{"line":594,"column":18},"end":{"line":598,"column":4}},"121":{"start":{"line":600,"column":2},"end":{"line":604,"column":4}},"122":{"start":{"line":606,"column":2},"end":{"line":606,"column":17}},"123":{"start":{"line":11,"column":13},"end":{"line":11,"column":32}},"124":{"start":{"line":11,"column":13},"end":{"line":611,"column":null}}},"fnMap":{"0":{"name":"(anonymous_2)","decl":{"start":{"line":15,"column":2},"end":{"line":15,"column":null}},"loc":{"start":{"line":18,"column":44},"end":{"line":19,"column":6}}},"1":{"name":"(anonymous_3)","decl":{"start":{"line":21,"column":2},"end":{"line":21,"column":7}},"loc":{"start":{"line":21,"column":61},"end":{"line":110,"column":3}}},"2":{"name":"(anonymous_4)","decl":{"start":{"line":91,"column":15},"end":{"line":91,"column":16}},"loc":{"start":{"line":91,"column":25},"end":{"line":93,"column":9}}},"3":{"name":"(anonymous_5)","decl":{"start":{"line":121,"column":10},"end":{"line":121,"column":15}},"loc":{"start":{"line":124,"column":10},"end":{"line":242,"column":1}}},"4":{"name":"(anonymous_6)","decl":{"start":{"line":148,"column":43},"end":{"line":148,"column":44}},"loc":{"start":{"line":149,"column":6},"end":{"line":149,"column":33}}},"5":{"name":"(anonymous_7)","decl":{"start":{"line":243,"column":2},"end":{"line":243,"column":7}},"loc":{"start":{"line":243,"column":46},"end":{"line":269,"column":3}}},"6":{"name":"(anonymous_8)","decl":{"start":{"line":271,"column":2},"end":{"line":271,"column":7}},"loc":{"start":{"line":271,"column":64},"end":{"line":308,"column":3}}},"7":{"name":"(anonymous_9)","decl":{"start":{"line":310,"column":2},"end":{"line":310,"column":7}},"loc":{"start":{"line":310,"column":60},"end":{"line":351,"column":3}}},"8":{"name":"(anonymous_10)","decl":{"start":{"line":353,"column":2},"end":{"line":353,"column":7}},"loc":{"start":{"line":353,"column":49},"end":{"line":390,"column":3}}},"9":{"name":"(anonymous_11)","decl":{"start":{"line":392,"column":2},"end":{"line":392,"column":7}},"loc":{"start":{"line":392,"column":55},"end":{"line":425,"column":3}}},"10":{"name":"(anonymous_12)","decl":{"start":{"line":427,"column":2},"end":{"line":427,"column":7}},"loc":{"start":{"line":427,"column":88},"end":{"line":445,"column":3}}},"11":{"name":"(anonymous_13)","decl":{"start":{"line":449,"column":0},"end":{"line":449,"column":5}},"loc":{"start":{"line":449,"column":31},"end":{"line":495,"column":1}}},"12":{"name":"(anonymous_14)","decl":{"start":{"line":502,"column":2},"end":{"line":502,"column":7}},"loc":{"start":{"line":502,"column":37},"end":{"line":510,"column":1}}},"13":{"name":"(anonymous_15)","decl":{"start":{"line":516,"column":2},"end":{"line":516,"column":7}},"loc":{"start":{"line":516,"column":55},"end":{"line":533,"column":3}}},"14":{"name":"(anonymous_16)","decl":{"start":{"line":535,"column":0},"end":{"line":535,"column":5}},"loc":{"start":{"line":538,"column":16},"end":{"line":572,"column":1}}},"15":{"name":"(anonymous_17)","decl":{"start":{"line":574,"column":0},"end":{"line":574,"column":5}},"loc":{"start":{"line":577,"column":16},"end":{"line":607,"column":1}}}},"branchMap":{"0":{"loc":{"start":{"line":25,"column":4},"end":{"line":27,"column":5}},"type":"if","locations":[{"start":{"line":25,"column":4},"end":{"line":27,"column":5}}]},"1":{"loc":{"start":{"line":34,"column":4},"end":{"line":36,"column":5}},"type":"if","locations":[{"start":{"line":34,"column":4},"end":{"line":36,"column":5}}]},"2":{"loc":{"start":{"line":38,"column":4},"end":{"line":40,"column":5}},"type":"if","locations":[{"start":{"line":38,"column":4},"end":{"line":40,"column":5}}]},"3":{"loc":{"start":{"line":50,"column":4},"end":{"line":52,"column":5}},"type":"if","locations":[{"start":{"line":50,"column":4},"end":{"line":52,"column":5}}]},"4":{"loc":{"start":{"line":89,"column":4},"end":{"line":96,"column":5}},"type":"if","locations":[{"start":{"line":89,"column":4},"end":{"line":96,"column":5}},{"start":{"line":94,"column":11},"end":{"line":96,"column":5}}]},"5":{"loc":{"start":{"line":129,"column":4},"end":{"line":132,"column":5}},"type":"if","locations":[{"start":{"line":129,"column":4},"end":{"line":132,"column":5}}]},"6":{"loc":{"start":{"line":153,"column":6},"end":{"line":153,"column":73}},"type":"binary-expr","locations":[{"start":{"line":153,"column":6},"end":{"line":153,"column":17}},{"start":{"line":153,"column":21},"end":{"line":153,"column":73}}]},"7":{"loc":{"start":{"line":158,"column":4},"end":{"line":175,"column":5}},"type":"if","locations":[{"start":{"line":158,"column":4},"end":{"line":175,"column":5}}]},"8":{"loc":{"start":{"line":178,"column":19},"end":{"line":178,"column":46}},"type":"binary-expr","locations":[{"start":{"line":178,"column":19},"end":{"line":178,"column":28}},{"start":{"line":178,"column":32},"end":{"line":178,"column":46}}]},"9":{"loc":{"start":{"line":181,"column":2},"end":{"line":181,"column":36}},"type":"binary-expr","locations":[{"start":{"line":181,"column":2},"end":{"line":181,"column":17}},{"start":{"line":181,"column":21},"end":{"line":181,"column":36}}]},"10":{"loc":{"start":{"line":184,"column":2},"end":{"line":184,"column":38}},"type":"binary-expr","locations":[{"start":{"line":184,"column":2},"end":{"line":184,"column":18}},{"start":{"line":184,"column":22},"end":{"line":184,"column":38}}]},"11":{"loc":{"start":{"line":187,"column":2},"end":{"line":187,"column":44}},"type":"binary-expr","locations":[{"start":{"line":187,"column":2},"end":{"line":187,"column":24}},{"start":{"line":187,"column":28},"end":{"line":187,"column":44}}]},"12":{"loc":{"start":{"line":190,"column":2},"end":{"line":190,"column":38}},"type":"binary-expr","locations":[{"start":{"line":190,"column":2},"end":{"line":190,"column":20}},{"start":{"line":190,"column":24},"end":{"line":190,"column":38}}]},"13":{"loc":{"start":{"line":193,"column":2},"end":{"line":193,"column":32}},"type":"binary-expr","locations":[{"start":{"line":193,"column":2},"end":{"line":193,"column":14}},{"start":{"line":193,"column":18},"end":{"line":193,"column":32}}]},"14":{"loc":{"start":{"line":196,"column":2},"end":{"line":196,"column":36}},"type":"binary-expr","locations":[{"start":{"line":196,"column":2},"end":{"line":196,"column":18}},{"start":{"line":196,"column":22},"end":{"line":196,"column":36}}]},"15":{"loc":{"start":{"line":202,"column":17},"end":{"line":202,"column":33}},"type":"binary-expr","locations":[{"start":{"line":202,"column":17},"end":{"line":202,"column":27}},{"start":{"line":202,"column":31},"end":{"line":202,"column":33}}]},"16":{"loc":{"start":{"line":203,"column":26},"end":{"line":203,"column":50}},"type":"binary-expr","locations":[{"start":{"line":203,"column":26},"end":{"line":203,"column":45}},{"start":{"line":203,"column":49},"end":{"line":203,"column":50}}]},"17":{"loc":{"start":{"line":211,"column":22},"end":{"line":211,"column":63}},"type":"binary-expr","locations":[{"start":{"line":211,"column":22},"end":{"line":211,"column":58}},{"start":{"line":211,"column":62},"end":{"line":211,"column":63}}]},"18":{"loc":{"start":{"line":213,"column":25},"end":{"line":213,"column":55}},"type":"binary-expr","locations":[{"start":{"line":213,"column":25},"end":{"line":213,"column":47}},{"start":{"line":213,"column":51},"end":{"line":213,"column":55}}]},"19":{"loc":{"start":{"line":214,"column":26},"end":{"line":214,"column":57}},"type":"binary-expr","locations":[{"start":{"line":214,"column":26},"end":{"line":214,"column":49}},{"start":{"line":214,"column":53},"end":{"line":214,"column":57}}]},"20":{"loc":{"start":{"line":215,"column":19},"end":{"line":215,"column":43}},"type":"binary-expr","locations":[{"start":{"line":215,"column":19},"end":{"line":215,"column":35}},{"start":{"line":215,"column":39},"end":{"line":215,"column":43}}]},"21":{"loc":{"start":{"line":223,"column":8},"end":{"line":223,"column":null}},"type":"binary-expr","locations":[{"start":{"line":223,"column":8},"end":{"line":223,"column":44}},{"start":{"line":223,"column":48},"end":{"line":223,"column":null}}]},"22":{"loc":{"start":{"line":274,"column":4},"end":{"line":285,"column":5}},"type":"if","locations":[{"start":{"line":274,"column":4},"end":{"line":285,"column":5}},{"start":{"line":281,"column":11},"end":{"line":285,"column":5}}]},"23":{"loc":{"start":{"line":287,"column":4},"end":{"line":289,"column":5}},"type":"if","locations":[{"start":{"line":287,"column":4},"end":{"line":289,"column":5}}]},"24":{"loc":{"start":{"line":338,"column":4},"end":{"line":340,"column":5}},"type":"if","locations":[{"start":{"line":338,"column":4},"end":{"line":340,"column":5}}]},"25":{"loc":{"start":{"line":342,"column":4},"end":{"line":344,"column":5}},"type":"if","locations":[{"start":{"line":342,"column":4},"end":{"line":344,"column":5}}]},"26":{"loc":{"start":{"line":342,"column":8},"end":{"line":342,"column":70}},"type":"binary-expr","locations":[{"start":{"line":342,"column":8},"end":{"line":342,"column":32}},{"start":{"line":342,"column":36},"end":{"line":342,"column":70}}]},"27":{"loc":{"start":{"line":346,"column":4},"end":{"line":348,"column":5}},"type":"if","locations":[{"start":{"line":346,"column":4},"end":{"line":348,"column":5}}]},"28":{"loc":{"start":{"line":346,"column":8},"end":{"line":346,"column":74}},"type":"binary-expr","locations":[{"start":{"line":346,"column":8},"end":{"line":346,"column":32}},{"start":{"line":346,"column":36},"end":{"line":346,"column":74}}]},"29":{"loc":{"start":{"line":362,"column":4},"end":{"line":364,"column":5}},"type":"if","locations":[{"start":{"line":362,"column":4},"end":{"line":364,"column":5}}]},"30":{"loc":{"start":{"line":366,"column":4},"end":{"line":368,"column":5}},"type":"if","locations":[{"start":{"line":366,"column":4},"end":{"line":368,"column":5}}]},"31":{"loc":{"start":{"line":370,"column":4},"end":{"line":372,"column":5}},"type":"if","locations":[{"start":{"line":370,"column":4},"end":{"line":372,"column":5}}]},"32":{"loc":{"start":{"line":401,"column":4},"end":{"line":403,"column":5}},"type":"if","locations":[{"start":{"line":401,"column":4},"end":{"line":403,"column":5}}]},"33":{"loc":{"start":{"line":405,"column":4},"end":{"line":407,"column":5}},"type":"if","locations":[{"start":{"line":405,"column":4},"end":{"line":407,"column":5}}]},"34":{"loc":{"start":{"line":405,"column":8},"end":{"line":405,"column":70}},"type":"binary-expr","locations":[{"start":{"line":405,"column":8},"end":{"line":405,"column":28}},{"start":{"line":405,"column":32},"end":{"line":405,"column":70}}]},"35":{"loc":{"start":{"line":433,"column":4},"end":{"line":435,"column":5}},"type":"if","locations":[{"start":{"line":433,"column":4},"end":{"line":435,"column":5}}]},"36":{"loc":{"start":{"line":437,"column":4},"end":{"line":439,"column":5}},"type":"if","locations":[{"start":{"line":437,"column":4},"end":{"line":439,"column":5}}]},"37":{"loc":{"start":{"line":437,"column":8},"end":{"line":437,"column":70}},"type":"binary-expr","locations":[{"start":{"line":437,"column":8},"end":{"line":437,"column":28}},{"start":{"line":437,"column":32},"end":{"line":437,"column":70}}]},"38":{"loc":{"start":{"line":522,"column":4},"end":{"line":524,"column":5}},"type":"if","locations":[{"start":{"line":522,"column":4},"end":{"line":524,"column":5}}]},"39":{"loc":{"start":{"line":526,"column":4},"end":{"line":528,"column":5}},"type":"if","locations":[{"start":{"line":526,"column":4},"end":{"line":528,"column":5}}]},"40":{"loc":{"start":{"line":526,"column":8},"end":{"line":526,"column":70}},"type":"binary-expr","locations":[{"start":{"line":526,"column":8},"end":{"line":526,"column":28}},{"start":{"line":526,"column":32},"end":{"line":526,"column":70}}]},"41":{"loc":{"start":{"line":546,"column":2},"end":{"line":546,"column":71}},"type":"if","locations":[{"start":{"line":546,"column":2},"end":{"line":546,"column":71}}]},"42":{"loc":{"start":{"line":547,"column":2},"end":{"line":549,"column":3}},"type":"if","locations":[{"start":{"line":547,"column":2},"end":{"line":549,"column":3}}]},"43":{"loc":{"start":{"line":584,"column":2},"end":{"line":584,"column":71}},"type":"if","locations":[{"start":{"line":584,"column":2},"end":{"line":584,"column":71}}]},"44":{"loc":{"start":{"line":585,"column":2},"end":{"line":587,"column":3}},"type":"if","locations":[{"start":{"line":585,"column":2},"end":{"line":587,"column":3}}]}},"s":{"0":1,"1":1,"2":1,"3":1,"4":1,"5":1,"6":3,"7":3,"8":3,"9":3,"10":0,"11":0,"12":0,"13":0,"14":0,"15":0,"16":0,"17":0,"18":0,"19":0,"20":0,"21":0,"22":0,"23":0,"24":0,"25":0,"26":0,"27":0,"28":0,"29":0,"30":0,"31":0,"32":0,"33":0,"34":0,"35":0,"36":0,"37":0,"38":0,"39":0,"40":0,"41":0,"42":0,"43":0,"44":0,"45":0,"46":0,"47":0,"48":0,"49":0,"50":0,"51":0,"52":0,"53":0,"54":0,"55":0,"56":0,"57":0,"58":0,"59":0,"60":0,"61":0,"62":0,"63":0,"64":0,"65":0,"66":0,"67":0,"68":0,"69":0,"70":0,"71":0,"72":1,"73":1,"74":0,"75":1,"76":0,"77":1,"78":0,"79":1,"80":1,"81":1,"82":0,"83":0,"84":0,"85":0,"86":0,"87":0,"88":0,"89":0,"90":0,"91":0,"92":0,"93":0,"94":0,"95":0,"96":0,"97":0,"98":0,"99":0,"100":0,"101":0,"102":0,"103":0,"104":0,"105":1,"106":1,"107":0,"108":1,"109":0,"110":1,"111":1,"112":1,"113":1,"114":1,"115":1,"116":0,"117":1,"118":0,"119":1,"120":1,"121":1,"122":1,"123":1,"124":1},"f":{"0":3,"1":0,"2":0,"3":0,"4":0,"5":0,"6":0,"7":0,"8":1,"9":0,"10":0,"11":0,"12":0,"13":0,"14":1,"15":1},"b":{"0":[0],"1":[0],"2":[0],"3":[0],"4":[0,0],"5":[0],"6":[0,0],"7":[0],"8":[0,0],"9":[0,0],"10":[0,0],"11":[0,0],"12":[0,0],"13":[0,0],"14":[0,0],"15":[0,0],"16":[0,0],"17":[0,0],"18":[0,0],"19":[0,0],"20":[0,0],"21":[0,0],"22":[0,0],"23":[0],"24":[0],"25":[0],"26":[0,0],"27":[0],"28":[0,0],"29":[0],"30":[0],"31":[0],"32":[0],"33":[0],"34":[0,0],"35":[0],"36":[0],"37":[0,0],"38":[0],"39":[0],"40":[0,0],"41":[0],"42":[0],"43":[0],"44":[0]}}
,"C:\\Users\\user\\recruitment-system-backend\\src\\applications\\dto\\create-application.dto.ts": {"path":"C:\\Users\\user\\recruitment-system-backend\\src\\applications\\dto\\create-application.dto.ts","statementMap":{"0":{"start":{"line":1,"column":0},"end":{"line":1,"column":61}},"1":{"start":{"line":2,"column":0},"end":{"line":2,"column":41}},"2":{"start":{"line":4,"column":0},"end":{"line":4,"column":13}},"3":{"start":{"line":7,"column":2},"end":{"line":7,"column":null}},"4":{"start":{"line":6,"column":14},"end":{"line":6,"column":20}},"5":{"start":{"line":11,"column":2},"end":{"line":11,"column":null}}},"fnMap":{"0":{"name":"(anonymous_2)","decl":{"start":{"line":6,"column":8},"end":{"line":6,"column":11}},"loc":{"start":{"line":6,"column":14},"end":{"line":6,"column":20}}}},"branchMap":{},"s":{"0":0,"1":0,"2":0,"3":0,"4":0,"5":0},"f":{"0":0},"b":{}}
,"C:\\Users\\user\\recruitment-system-backend\\src\\auth\\auth.controller.ts": {"path":"C:\\Users\\user\\recruitment-system-backend\\src\\auth\\auth.controller.ts","statementMap":{"0":{"start":{"line":53,"column":0},"end":{"line":53,"column":79}},"1":{"start":{"line":54,"column":0},"end":{"line":54,"column":49}},"2":{"start":{"line":55,"column":0},"end":{"line":55,"column":43}},"3":{"start":{"line":56,"column":0},"end":{"line":56,"column":45}},"4":{"start":{"line":57,"column":0},"end":{"line":57,"column":75}},"5":{"start":{"line":58,"column":0},"end":{"line":58,"column":60}},"6":{"start":{"line":59,"column":0},"end":{"line":59,"column":48}},"7":{"start":{"line":60,"column":0},"end":{"line":60,"column":62}},"8":{"start":{"line":63,"column":7},"end":{"line":100,"column":null}},"9":{"start":{"line":64,"column":22},"end":{"line":64,"column":35}},"10":{"start":{"line":68,"column":4},"end":{"line":68,"column":42}},"11":{"start":{"line":73,"column":4},"end":{"line":73,"column":39}},"12":{"start":{"line":78,"column":4},"end":{"line":78,"column":60}},"13":{"start":{"line":83,"column":4},"end":{"line":83,"column":70}},"14":{"start":{"line":92,"column":19},"end":{"line":92,"column":60}},"15":{"start":{"line":94,"column":4},"end":{"line":98,"column":6}},"16":{"start":{"line":63,"column":13},"end":{"line":63,"column":27}},"17":{"start":{"line":67,"column":2},"end":{"line":69,"column":null}},"18":{"start":{"line":72,"column":2},"end":{"line":74,"column":null}},"19":{"start":{"line":77,"column":2},"end":{"line":79,"column":null}},"20":{"start":{"line":82,"column":2},"end":{"line":84,"column":null}},"21":{"start":{"line":88,"column":2},"end":{"line":99,"column":null}},"22":{"start":{"line":63,"column":13},"end":{"line":100,"column":null}}},"fnMap":{"0":{"name":"(anonymous_4)","decl":{"start":{"line":64,"column":2},"end":{"line":64,"column":22}},"loc":{"start":{"line":64,"column":46},"end":{"line":64,"column":50}}},"1":{"name":"(anonymous_5)","decl":{"start":{"line":67,"column":2},"end":{"line":67,"column":14}},"loc":{"start":{"line":67,"column":39},"end":{"line":69,"column":3}}},"2":{"name":"(anonymous_6)","decl":{"start":{"line":72,"column":2},"end":{"line":72,"column":7}},"loc":{"start":{"line":72,"column":29},"end":{"line":74,"column":3}}},"3":{"name":"(anonymous_7)","decl":{"start":{"line":77,"column":2},"end":{"line":77,"column":22}},"loc":{"start":{"line":77,"column":59},"end":{"line":79,"column":3}}},"4":{"name":"(anonymous_8)","decl":{"start":{"line":82,"column":2},"end":{"line":82,"column":15}},"loc":{"start":{"line":82,"column":45},"end":{"line":84,"column":3}}},"5":{"name":"(anonymous_9)","decl":{"start":{"line":88,"column":2},"end":{"line":88,"column":16}},"loc":{"start":{"line":90,"column":44},"end":{"line":99,"column":3}}}},"branchMap":{"0":{"loc":{"start":{"line":92,"column":19},"end":{"line":92,"column":60}},"type":"binary-expr","locations":[{"start":{"line":92,"column":19},"end":{"line":92,"column":39}},{"start":{"line":92,"column":43},"end":{"line":92,"column":60}}]}},"s":{"0":0,"1":0,"2":0,"3":0,"4":0,"5":0,"6":0,"7":0,"8":0,"9":0,"10":0,"11":0,"12":0,"13":0,"14":0,"15":0,"16":0,"17":0,"18":0,"19":0,"20":0,"21":0,"22":0},"f":{"0":0,"1":0,"2":0,"3":0,"4":0,"5":0},"b":{"0":[0,0]}}
,"C:\\Users\\user\\recruitment-system-backend\\src\\auth\\auth.module.ts": {"path":"C:\\Users\\user\\recruitment-system-backend\\src\\auth\\auth.module.ts","statementMap":{"0":{"start":{"line":1,"column":0},"end":{"line":1,"column":40}},"1":{"start":{"line":2,"column":0},"end":{"line":2,"column":51}},"2":{"start":{"line":3,"column":0},"end":{"line":3,"column":45}},"3":{"start":{"line":4,"column":0},"end":{"line":4,"column":52}},"4":{"start":{"line":5,"column":0},"end":{"line":5,"column":40}},"5":{"start":{"line":6,"column":0},"end":{"line":6,"column":45}},"6":{"start":{"line":7,"column":0},"end":{"line":7,"column":43}},"7":{"start":{"line":8,"column":0},"end":{"line":8,"column":56}},"8":{"start":{"line":26,"column":7},"end":{"line":26,"column":null}},"9":{"start":{"line":26,"column":13},"end":{"line":26,"column":23}},"10":{"start":{"line":26,"column":13},"end":{"line":26,"column":null}}},"fnMap":{},"branchMap":{},"s":{"0":0,"1":0,"2":0,"3":0,"4":0,"5":0,"6":0,"7":0,"8":0,"9":0,"10":0},"f":{},"b":{}}
,"C:\\Users\\user\\recruitment-system-backend\\src\\auth\\auth.service.ts": {"path":"C:\\Users\\user\\recruitment-system-backend\\src\\auth\\auth.service.ts","statementMap":{"0":{"start":{"line":1,"column":0},"end":{"line":1,"column":null}},"1":{"start":{"line":7,"column":0},"end":{"line":7,"column":41}},"2":{"start":{"line":10,"column":0},"end":{"line":10,"column":54}},"3":{"start":{"line":11,"column":0},"end":{"line":11,"column":38}},"4":{"start":{"line":12,"column":0},"end":{"line":12,"column":33}},"5":{"start":{"line":13,"column":0},"end":{"line":13,"column":33}},"6":{"start":{"line":14,"column":0},"end":{"line":14,"column":57}},"7":{"start":{"line":17,"column":7},"end":{"line":235,"column":null}},"8":{"start":{"line":19,"column":4},"end":{"line":19,"column":47}},"9":{"start":{"line":22,"column":12},"end":{"line":22,"column":24}},"10":{"start":{"line":23,"column":12},"end":{"line":23,"column":25}},"11":{"start":{"line":24,"column":12},"end":{"line":24,"column":20}},"12":{"start":{"line":29,"column":25},"end":{"line":29,"column":70}},"13":{"start":{"line":31,"column":4},"end":{"line":33,"column":5}},"14":{"start":{"line":32,"column":6},"end":{"line":32,"column":59}},"15":{"start":{"line":35,"column":17},"end":{"line":42,"column":6}},"16":{"start":{"line":44,"column":18},"end":{"line":44,"column":42}},"17":{"start":{"line":46,"column":4},"end":{"line":50,"column":6}},"18":{"start":{"line":55,"column":17},"end":{"line":55,"column":62}},"19":{"start":{"line":57,"column":4},"end":{"line":59,"column":5}},"20":{"start":{"line":58,"column":6},"end":{"line":58,"column":61}},"21":{"start":{"line":61,"column":4},"end":{"line":63,"column":5}},"22":{"start":{"line":62,"column":6},"end":{"line":62,"column":63}},"23":{"start":{"line":65,"column":28},"end":{"line":67,"column":null}},"24":{"start":{"line":70,"column":4},"end":{"line":72,"column":5}},"25":{"start":{"line":71,"column":6},"end":{"line":71,"column":61}},"26":{"start":{"line":74,"column":4},"end":{"line":74,"column":52}},"27":{"start":{"line":76,"column":18},"end":{"line":76,"column":42}},"28":{"start":{"line":78,"column":4},"end":{"line":81,"column":6}},"29":{"start":{"line":86,"column":20},"end":{"line":90,"column":6}},"30":{"start":{"line":91,"column":4},"end":{"line":91,"column":41}},"31":{"start":{"line":95,"column":48},"end":{"line":95,"column":52}},"32":{"start":{"line":96,"column":4},"end":{"line":96,"column":16}},"33":{"start":{"line":101,"column":17},"end":{"line":103,"column":6}},"34":{"start":{"line":105,"column":4},"end":{"line":110,"column":5}},"35":{"start":{"line":106,"column":6},"end":{"line":109,"column":8}},"36":{"start":{"line":112,"column":23},"end":{"line":112,"column":61}},"37":{"start":{"line":113,"column":27},"end":{"line":113,"column":60}},"38":{"start":{"line":115,"column":19},"end":{"line":115,"column":29}},"39":{"start":{"line":116,"column":4},"end":{"line":116,"column":43}},"40":{"start":{"line":118,"column":4},"end":{"line":124,"column":7}},"41":{"start":{"line":126,"column":4},"end":{"line":126,"column":44}},"42":{"start":{"line":128,"column":4},"end":{"line":132,"column":6}},"43":{"start":{"line":137,"column":19},"end":{"line":143,"column":6}},"44":{"start":{"line":149,"column":45},"end":{"line":149,"column":49}},"45":{"start":{"line":150,"column":16},"end":{"line":150,"column":26}},"46":{"start":{"line":152,"column":4},"end":{"line":161,"column":5}},"47":{"start":{"line":153,"column":6},"end":{"line":160,"column":7}},"48":{"start":{"line":154,"column":24},"end":{"line":154,"column":68}},"49":{"start":{"line":156,"column":8},"end":{"line":159,"column":9}},"50":{"start":{"line":157,"column":10},"end":{"line":157,"column":29}},"51":{"start":{"line":158,"column":10},"end":{"line":158,"column":16}},"52":{"start":{"line":163,"column":4},"end":{"line":165,"column":5}},"53":{"start":{"line":164,"column":6},"end":{"line":164,"column":64}},"54":{"start":{"line":167,"column":27},"end":{"line":167,"column":61}},"55":{"start":{"line":169,"column":4},"end":{"line":176,"column":7}},"56":{"start":{"line":178,"column":4},"end":{"line":180,"column":6}},"57":{"start":{"line":189,"column":2},"end":{"line":191,"column":3}},"58":{"start":{"line":190,"column":4},"end":{"line":190,"column":65}},"59":{"start":{"line":193,"column":15},"end":{"line":195,"column":4}},"60":{"start":{"line":197,"column":2},"end":{"line":199,"column":3}},"61":{"start":{"line":198,"column":4},"end":{"line":198,"column":59}},"62":{"start":{"line":201,"column":29},"end":{"line":203,"column":null}},"63":{"start":{"line":206,"column":2},"end":{"line":208,"column":3}},"64":{"start":{"line":207,"column":4},"end":{"line":207,"column":67}},"65":{"start":{"line":210,"column":25},"end":{"line":212,"column":null}},"66":{"start":{"line":215,"column":2},"end":{"line":219,"column":3}},"67":{"start":{"line":216,"column":4},"end":{"line":218,"column":6}},"68":{"start":{"line":221,"column":25},"end":{"line":221,"column":59}},"69":{"start":{"line":223,"column":2},"end":{"line":229,"column":5}},"70":{"start":{"line":231,"column":2},"end":{"line":233,"column":4}},"71":{"start":{"line":17,"column":13},"end":{"line":17,"column":24}},"72":{"start":{"line":17,"column":13},"end":{"line":235,"column":null}}},"fnMap":{"0":{"name":"(anonymous_2)","decl":{"start":{"line":18,"column":2},"end":{"line":18,"column":15}},"loc":{"start":{"line":18,"column":29},"end":{"line":20,"column":3}}},"1":{"name":"(anonymous_3)","decl":{"start":{"line":21,"column":2},"end":{"line":21,"column":null}},"loc":{"start":{"line":24,"column":33},"end":{"line":25,"column":6}}},"2":{"name":"(anonymous_4)","decl":{"start":{"line":28,"column":2},"end":{"line":28,"column":7}},"loc":{"start":{"line":28,"column":33},"end":{"line":51,"column":3}}},"3":{"name":"(anonymous_5)","decl":{"start":{"line":54,"column":2},"end":{"line":54,"column":7}},"loc":{"start":{"line":54,"column":27},"end":{"line":82,"column":3}}},"4":{"name":"(anonymous_6)","decl":{"start":{"line":85,"column":10},"end":{"line":85,"column":23}},"loc":{"start":{"line":85,"column":33},"end":{"line":92,"column":3}}},"5":{"name":"(anonymous_7)","decl":{"start":{"line":94,"column":10},"end":{"line":94,"column":22}},"loc":{"start":{"line":94,"column":32},"end":{"line":97,"column":3}}},"6":{"name":"(anonymous_8)","decl":{"start":{"line":100,"column":2},"end":{"line":100,"column":7}},"loc":{"start":{"line":100,"column":42},"end":{"line":133,"column":3}}},"7":{"name":"(anonymous_9)","decl":{"start":{"line":136,"column":2},"end":{"line":136,"column":7}},"loc":{"start":{"line":136,"column":56},"end":{"line":181,"column":3}}},"8":{"name":"(anonymous_10)","decl":{"start":{"line":184,"column":2},"end":{"line":184,"column":7}},"loc":{"start":{"line":187,"column":21},"end":{"line":234,"column":3}}}},"branchMap":{"0":{"loc":{"start":{"line":31,"column":4},"end":{"line":33,"column":5}},"type":"if","locations":[{"start":{"line":31,"column":4},"end":{"line":33,"column":5}}]},"1":{"loc":{"start":{"line":41,"column":12},"end":{"line":41,"column":38}},"type":"binary-expr","locations":[{"start":{"line":41,"column":12},"end":{"line":41,"column":20}},{"start":{"line":41,"column":24},"end":{"line":41,"column":38}}]},"2":{"loc":{"start":{"line":57,"column":4},"end":{"line":59,"column":5}},"type":"if","locations":[{"start":{"line":57,"column":4},"end":{"line":59,"column":5}}]},"3":{"loc":{"start":{"line":61,"column":4},"end":{"line":63,"column":5}},"type":"if","locations":[{"start":{"line":61,"column":4},"end":{"line":63,"column":5}}]},"4":{"loc":{"start":{"line":70,"column":4},"end":{"line":72,"column":5}},"type":"if","locations":[{"start":{"line":70,"column":4},"end":{"line":72,"column":5}}]},"5":{"loc":{"start":{"line":105,"column":4},"end":{"line":110,"column":5}},"type":"if","locations":[{"start":{"line":105,"column":4},"end":{"line":110,"column":5}}]},"6":{"loc":{"start":{"line":153,"column":6},"end":{"line":160,"column":7}},"type":"if","locations":[{"start":{"line":153,"column":6},"end":{"line":160,"column":7}}]},"7":{"loc":{"start":{"line":153,"column":10},"end":{"line":153,"column":50}},"type":"binary-expr","locations":[{"start":{"line":153,"column":10},"end":{"line":153,"column":25}},{"start":{"line":153,"column":29},"end":{"line":153,"column":50}}]},"8":{"loc":{"start":{"line":156,"column":8},"end":{"line":159,"column":9}},"type":"if","locations":[{"start":{"line":156,"column":8},"end":{"line":159,"column":9}}]},"9":{"loc":{"start":{"line":156,"column":12},"end":{"line":156,"column":50}},"type":"binary-expr","locations":[{"start":{"line":156,"column":12},"end":{"line":156,"column":19}},{"start":{"line":156,"column":23},"end":{"line":156,"column":50}}]},"10":{"loc":{"start":{"line":163,"column":4},"end":{"line":165,"column":5}},"type":"if","locations":[{"start":{"line":163,"column":4},"end":{"line":165,"column":5}}]},"11":{"loc":{"start":{"line":189,"column":2},"end":{"line":191,"column":3}},"type":"if","locations":[{"start":{"line":189,"column":2},"end":{"line":191,"column":3}}]},"12":{"loc":{"start":{"line":197,"column":2},"end":{"line":199,"column":3}},"type":"if","locations":[{"start":{"line":197,"column":2},"end":{"line":199,"column":3}}]},"13":{"loc":{"start":{"line":206,"column":2},"end":{"line":208,"column":3}},"type":"if","locations":[{"start":{"line":206,"column":2},"end":{"line":208,"column":3}}]},"14":{"loc":{"start":{"line":215,"column":2},"end":{"line":219,"column":3}},"type":"if","locations":[{"start":{"line":215,"column":2},"end":{"line":219,"column":3}}]}},"s":{"0":1,"1":1,"2":1,"3":1,"4":1,"5":1,"6":1,"7":1,"8":0,"9":5,"10":5,"11":5,"12":2,"13":2,"14":1,"15":1,"16":1,"17":1,"18":3,"19":3,"20":1,"21":2,"22":0,"23":2,"24":2,"25":1,"26":1,"27":1,"28":1,"29":2,"30":2,"31":2,"32":2,"33":0,"34":0,"35":0,"36":0,"37":0,"38":0,"39":0,"40":0,"41":0,"42":0,"43":0,"44":0,"45":0,"46":0,"47":0,"48":0,"49":0,"50":0,"51":0,"52":0,"53":0,"54":0,"55":0,"56":0,"57":0,"58":0,"59":0,"60":0,"61":0,"62":0,"63":0,"64":0,"65":0,"66":0,"67":0,"68":0,"69":0,"70":0,"71":1,"72":1},"f":{"0":0,"1":5,"2":2,"3":3,"4":2,"5":2,"6":0,"7":0,"8":0},"b":{"0":[1],"1":[1,0],"2":[1],"3":[0],"4":[1],"5":[0],"6":[0],"7":[0,0],"8":[0],"9":[0,0],"10":[0],"11":[0],"12":[0],"13":[0],"14":[0]}}
,"C:\\Users\\user\\recruitment-system-backend\\src\\auth\\current-user.decorator.ts": {"path":"C:\\Users\\user\\recruitment-system-backend\\src\\auth\\current-user.decorator.ts","statementMap":{"0":{"start":{"line":1,"column":0},"end":{"line":1,"column":72}},"1":{"start":{"line":3,"column":13},"end":{"line":9,"column":2}},"2":{"start":{"line":5,"column":20},"end":{"line":5,"column":51}},"3":{"start":{"line":6,"column":17},"end":{"line":6,"column":29}},"4":{"start":{"line":7,"column":4},"end":{"line":7,"column":38}}},"fnMap":{"0":{"name":"(anonymous_0)","decl":{"start":{"line":4,"column":2},"end":{"line":4,"column":3}},"loc":{"start":{"line":4,"column":54},"end":{"line":8,"column":3}}}},"branchMap":{"0":{"loc":{"start":{"line":7,"column":11},"end":{"line":7,"column":37}},"type":"cond-expr","locations":[{"start":{"line":7,"column":18},"end":{"line":7,"column":30}},{"start":{"line":7,"column":33},"end":{"line":7,"column":37}}]}},"s":{"0":0,"1":0,"2":0,"3":0,"4":0},"f":{"0":0},"b":{"0":[0,0]}}
,"C:\\Users\\user\\recruitment-system-backend\\src\\auth\\jwt-auth.guard.ts": {"path":"C:\\Users\\user\\recruitment-system-backend\\src\\auth\\jwt-auth.guard.ts","statementMap":{"0":{"start":{"line":1,"column":0},"end":{"line":1,"column":44}},"1":{"start":{"line":2,"column":0},"end":{"line":2,"column":45}},"2":{"start":{"line":5,"column":7},"end":{"line":5,"column":null}},"3":{"start":{"line":5,"column":13},"end":{"line":5,"column":25}},"4":{"start":{"line":5,"column":13},"end":{"line":5,"column":null}}},"fnMap":{},"branchMap":{},"s":{"0":0,"1":0,"2":0,"3":0,"4":0},"f":{},"b":{}}
,"C:\\Users\\user\\recruitment-system-backend\\src\\auth\\jwt.strategy.ts": {"path":"C:\\Users\\user\\recruitment-system-backend\\src\\auth\\jwt.strategy.ts","statementMap":{"0":{"start":{"line":1,"column":0},"end":{"line":1,"column":44}},"1":{"start":{"line":2,"column":0},"end":{"line":2,"column":52}},"2":{"start":{"line":3,"column":0},"end":{"line":3,"column":52}},"3":{"start":{"line":6,"column":7},"end":{"line":21,"column":null}},"4":{"start":{"line":8,"column":4},"end":{"line":11,"column":7}},"5":{"start":{"line":15,"column":3},"end":{"line":19,"column":4}},"6":{"start":{"line":6,"column":13},"end":{"line":6,"column":24}},"7":{"start":{"line":6,"column":13},"end":{"line":21,"column":null}}},"fnMap":{"0":{"name":"(anonymous_2)","decl":{"start":{"line":7,"column":2},"end":{"line":7,"column":null}},"loc":{"start":{"line":7,"column":2},"end":{"line":12,"column":3}}},"1":{"name":"(anonymous_3)","decl":{"start":{"line":14,"column":2},"end":{"line":14,"column":7}},"loc":{"start":{"line":14,"column":29},"end":{"line":20,"column":3}}}},"branchMap":{},"s":{"0":0,"1":0,"2":0,"3":0,"4":0,"5":0,"6":0,"7":0},"f":{"0":0,"1":0},"b":{}}
,"C:\\Users\\user\\recruitment-system-backend\\src\\auth\\roles.decorator.ts": {"path":"C:\\Users\\user\\recruitment-system-backend\\src\\auth\\roles.decorator.ts","statementMap":{"0":{"start":{"line":1,"column":0},"end":{"line":1,"column":45}},"1":{"start":{"line":4,"column":13},"end":{"line":4,"column":33}},"2":{"start":{"line":5,"column":21},"end":{"line":5,"column":72}},"3":{"start":{"line":5,"column":43},"end":{"line":5,"column":72}},"4":{"start":{"line":5,"column":13},"end":{"line":5,"column":21}}},"fnMap":{"0":{"name":"(anonymous_0)","decl":{"start":{"line":5,"column":21},"end":{"line":5,"column":22}},"loc":{"start":{"line":5,"column":43},"end":{"line":5,"column":72}}}},"branchMap":{},"s":{"0":0,"1":0,"2":0,"3":0,"4":0},"f":{"0":0},"b":{}}
,"C:\\Users\\user\\recruitment-system-backend\\src\\auth\\roles.guard.ts": {"path":"C:\\Users\\user\\recruitment-system-backend\\src\\auth\\roles.guard.ts","statementMap":{"0":{"start":{"line":1,"column":0},"end":{"line":1,"column":95}},"1":{"start":{"line":2,"column":0},"end":{"line":2,"column":41}},"2":{"start":{"line":3,"column":0},"end":{"line":3,"column":46}},"3":{"start":{"line":7,"column":7},"end":{"line":36,"column":null}},"4":{"start":{"line":8,"column":22},"end":{"line":8,"column":33}},"5":{"start":{"line":11,"column":26},"end":{"line":14,"column":6}},"6":{"start":{"line":16,"column":4},"end":{"line":18,"column":5}},"7":{"start":{"line":17,"column":6},"end":{"line":17,"column":18}},"8":{"start":{"line":20,"column":21},"end":{"line":20,"column":56}},"9":{"start":{"line":22,"column":4},"end":{"line":24,"column":5}},"10":{"start":{"line":23,"column":6},"end":{"line":23,"column":64}},"11":{"start":{"line":26,"column":20},"end":{"line":26,"column":68}},"12":{"start":{"line":26,"column":49},"end":{"line":26,"column":67}},"13":{"start":{"line":28,"column":4},"end":{"line":32,"column":5}},"14":{"start":{"line":29,"column":6},"end":{"line":31,"column":8}},"15":{"start":{"line":34,"column":4},"end":{"line":34,"column":16}},"16":{"start":{"line":7,"column":13},"end":{"line":7,"column":23}},"17":{"start":{"line":7,"column":13},"end":{"line":36,"column":null}}},"fnMap":{"0":{"name":"(anonymous_2)","decl":{"start":{"line":8,"column":2},"end":{"line":8,"column":22}},"loc":{"start":{"line":8,"column":42},"end":{"line":8,"column":46}}},"1":{"name":"(anonymous_3)","decl":{"start":{"line":10,"column":2},"end":{"line":10,"column":13}},"loc":{"start":{"line":10,"column":39},"end":{"line":35,"column":3}}},"2":{"name":"(anonymous_4)","decl":{"start":{"line":26,"column":39},"end":{"line":26,"column":40}},"loc":{"start":{"line":26,"column":49},"end":{"line":26,"column":67}}}},"branchMap":{"0":{"loc":{"start":{"line":16,"column":4},"end":{"line":18,"column":5}},"type":"if","locations":[{"start":{"line":16,"column":4},"end":{"line":18,"column":5}}]},"1":{"loc":{"start":{"line":22,"column":4},"end":{"line":24,"column":5}},"type":"if","locations":[{"start":{"line":22,"column":4},"end":{"line":24,"column":5}}]},"2":{"loc":{"start":{"line":28,"column":4},"end":{"line":32,"column":5}},"type":"if","locations":[{"start":{"line":28,"column":4},"end":{"line":32,"column":5}}]}},"s":{"0":0,"1":0,"2":0,"3":0,"4":0,"5":0,"6":0,"7":0,"8":0,"9":0,"10":0,"11":0,"12":0,"13":0,"14":0,"15":0,"16":0,"17":0},"f":{"0":0,"1":0,"2":0},"b":{"0":[0],"1":[0],"2":[0]}}
,"C:\\Users\\user\\recruitment-system-backend\\src\\auth\\dto\\change-password.dto.ts": {"path":"C:\\Users\\user\\recruitment-system-backend\\src\\auth\\dto\\change-password.dto.ts","statementMap":{"0":{"start":{"line":1,"column":0},"end":{"line":1,"column":56}},"1":{"start":{"line":3,"column":0},"end":{"line":3,"column":13}},"2":{"start":{"line":5,"column":4},"end":{"line":5,"column":null}},"3":{"start":{"line":11,"column":2},"end":{"line":11,"column":null}}},"fnMap":{},"branchMap":{},"s":{"0":0,"1":0,"2":0,"3":0},"f":{},"b":{}}
,"C:\\Users\\user\\recruitment-system-backend\\src\\auth\\dto\\login.dto.ts": {"path":"C:\\Users\\user\\recruitment-system-backend\\src\\auth\\dto\\login.dto.ts","statementMap":{"0":{"start":{"line":1,"column":0},"end":{"line":1,"column":52}},"1":{"start":{"line":3,"column":0},"end":{"line":3,"column":13}},"2":{"start":{"line":5,"column":2},"end":{"line":5,"column":null}},"3":{"start":{"line":8,"column":2},"end":{"line":8,"column":null}}},"fnMap":{},"branchMap":{},"s":{"0":0,"1":0,"2":0,"3":0},"f":{},"b":{}}
,"C:\\Users\\user\\recruitment-system-backend\\src\\auth\\dto\\register.dto.ts": {"path":"C:\\Users\\user\\recruitment-system-backend\\src\\auth\\dto\\register.dto.ts","statementMap":{"0":{"start":{"line":1,"column":0},"end":{"line":1,"column":83}},"1":{"start":{"line":2,"column":0},"end":{"line":2,"column":38}},"2":{"start":{"line":4,"column":0},"end":{"line":4,"column":13}},"3":{"start":{"line":6,"column":2},"end":{"line":6,"column":null}},"4":{"start":{"line":10,"column":2},"end":{"line":10,"column":null}},"5":{"start":{"line":13,"column":2},"end":{"line":13,"column":null}},"6":{"start":{"line":16,"column":2},"end":{"line":16,"column":null}},"7":{"start":{"line":20,"column":2},"end":{"line":20,"column":null}},"8":{"start":{"line":24,"column":2},"end":{"line":24,"column":null}}},"fnMap":{},"branchMap":{},"s":{"0":0,"1":0,"2":0,"3":0,"4":0,"5":0,"6":0,"7":0,"8":0},"f":{},"b":{}}
,"C:\\Users\\user\\recruitment-system-backend\\src\\auth\\dto\\request-password-reset.dto.ts": {"path":"C:\\Users\\user\\recruitment-system-backend\\src\\auth\\dto\\request-password-reset.dto.ts","statementMap":{"0":{"start":{"line":1,"column":0},"end":{"line":1,"column":54}},"1":{"start":{"line":3,"column":0},"end":{"line":3,"column":13}},"2":{"start":{"line":6,"column":4},"end":{"line":6,"column":null}}},"fnMap":{},"branchMap":{},"s":{"0":0,"1":0,"2":0},"f":{},"b":{}}
,"C:\\Users\\user\\recruitment-system-backend\\src\\auth\\dto\\reset-password.dto.ts": {"path":"C:\\Users\\user\\recruitment-system-backend\\src\\auth\\dto\\reset-password.dto.ts","statementMap":{"0":{"start":{"line":1,"column":0},"end":{"line":1,"column":66}},"1":{"start":{"line":3,"column":0},"end":{"line":3,"column":13}},"2":{"start":{"line":6,"column":4},"end":{"line":6,"column":null}},"3":{"start":{"line":11,"column":4},"end":{"line":11,"column":null}}},"fnMap":{},"branchMap":{},"s":{"0":0,"1":0,"2":0,"3":0},"f":{},"b":{}}
,"C:\\Users\\user\\recruitment-system-backend\\src\\candidate\\candidate.controller.ts": {"path":"C:\\Users\\user\\recruitment-system-backend\\src\\candidate\\candidate.controller.ts","statementMap":{"0":{"start":{"line":50,"column":0},"end":{"line":50,"column":128}},"1":{"start":{"line":51,"column":0},"end":{"line":51,"column":59}},"2":{"start":{"line":52,"column":0},"end":{"line":52,"column":37}},"3":{"start":{"line":53,"column":0},"end":{"line":53,"column":31}},"4":{"start":{"line":54,"column":0},"end":{"line":54,"column":54}},"5":{"start":{"line":55,"column":0},"end":{"line":55,"column":49}},"6":{"start":{"line":56,"column":0},"end":{"line":56,"column":48}},"7":{"start":{"line":57,"column":0},"end":{"line":57,"column":75}},"8":{"start":{"line":62,"column":7},"end":{"line":108,"column":null}},"9":{"start":{"line":63,"column":22},"end":{"line":63,"column":43}},"10":{"start":{"line":93,"column":24},"end":{"line":93,"column":55}},"11":{"start":{"line":95,"column":4},"end":{"line":97,"column":5}},"12":{"start":{"line":96,"column":6},"end":{"line":96,"column":61}},"13":{"start":{"line":100,"column":19},"end":{"line":100,"column":32}},"14":{"start":{"line":102,"column":4},"end":{"line":106,"column":7}},"15":{"start":{"line":62,"column":13},"end":{"line":62,"column":32}},"16":{"start":{"line":88,"column":8},"end":{"line":107,"column":null}},"17":{"start":{"line":71,"column":31},"end":{"line":71,"column":81}},"18":{"start":{"line":72,"column":22},"end":{"line":72,"column":48}},"19":{"start":{"line":73,"column":27},"end":{"line":73,"column":53}},"20":{"start":{"line":74,"column":10},"end":{"line":74,"column":35}},"21":{"start":{"line":78,"column":8},"end":{"line":80,"column":9}},"22":{"start":{"line":79,"column":10},"end":{"line":79,"column":98}},"23":{"start":{"line":81,"column":8},"end":{"line":81,"column":29}},"24":{"start":{"line":62,"column":13},"end":{"line":108,"column":null}}},"fnMap":{"0":{"name":"(anonymous_4)","decl":{"start":{"line":63,"column":2},"end":{"line":63,"c
[...]
loc":{"start":{"line":48,"column":4},"end":{"line":50,"column":5}},"type":"if","locations":[{"start":{"line":48,"column":4},"end":{"line":50,"column":5}}]},"3":{"loc":{"start":{"line":52,"column":4},"end":{"line":54,"column":5}},"type":"if","locations":[{"start":{"line":52,"column":4},"end":{"line":54,"column":5}}]},"4":{"loc":{"start":{"line":70,"column":4},"end":{"line":72,"column":5}},"type":"if","locations":[{"start":{"line":70,"column":4},"end":{"line":72,"column":5}}]},"5":{"loc":{"start":{"line":89,"column":4},"end":{"line":91,"column":5}},"type":"if","locations":[{"start":{"line":89,"column":4},"end":{"line":91,"column":5}}]},"6":{"loc":{"start":{"line":138,"column":2},"end":{"line":140,"column":3}},"type":"if","locations":[{"start":{"line":138,"column":2},"end":{"line":140,"column":3}}]},"7":{"loc":{"start":{"line":143,"column":2},"end":{"line":150,"column":3}},"type":"if","locations":[{"start":{"line":143,"column":2},"end":{"line":150,"column":3}}]},"8":{"loc":{"start":{"line":144,"column":4},"end":{"line":146,"column":5}},"type":"if","locations":[{"start":{"line":144,"column":4},"end":{"line":146,"column":5}}]},"9":{"loc":{"start":{"line":147,"column":4},"end":{"line":149,"column":5}},"type":"if","locations":[{"start":{"line":147,"column":4},"end":{"line":149,"column":5}}]},"10":{"loc":{"start":{"line":177,"column":4},"end":{"line":179,"column":5}},"type":"if","locations":[{"start":{"line":177,"column":4},"end":{"line":179,"column":5}}]},"11":{"loc":{"start":{"line":182,"column":4},"end":{"line":192,"column":5}},"type":"if","locations":[{"start":{"line":182,"column":4},"end":{"line":192,"column":5}}]},"12":{"loc":{"start":{"line":183,"column":6},"end":{"line":185,"column":7}},"type":"if","locations":[{"start":{"line":183,"column":6},"end":{"line":185,"column":7}}]},"13":{"loc":{"start":{"line":186,"column":6},"end":{"line":188,"column":7}},"type":"if","locations":[{"start":{"line":186,"column":6},"end":{"line":188,"column":7}}]},"14":{"loc":{"start":{"line":189,"column":6},"end":{"line":191,"column":7}},"type":"if","locations":[{"start":{"line":189,"column":6},"end":{"line":191,"column":7}}]},"15":{"loc":{"start":{"line":206,"column":4},"end":{"line":208,"column":5}},"type":"if","locations":[{"start":{"line":206,"column":4},"end":{"line":208,"column":5}}]},"16":{"loc":{"start":{"line":211,"column":4},"end":{"line":215,"column":5}},"type":"if","locations":[{"start":{"line":211,"column":4},"end":{"line":215,"column":5}}]},"17":{"loc":{"start":{"line":212,"column":6},"end":{"line":214,"column":7}},"type":"if","locations":[{"start":{"line":212,"column":6},"end":{"line":214,"column":7}}]},"18":{"loc":{"start":{"line":229,"column":4},"end":{"line":250,"column":5}},"type":"if","locations":[{"start":{"line":229,"column":4},"end":{"line":250,"column":5}}]},"19":{"loc":{"start":{"line":229,"column":8},"end":{"line":229,"column":49}},"type":"binary-expr","locations":[{"start":{"line":229,"column":8},"end":{"line":229,"column":29}},{"start":{"line":229,"column":33},"end":{"line":229,"column":49}}]},"20":{"loc":{"start":{"line":311,"column":4},"end":{"line":313,"column":5}},"type":"if","locations":[{"start":{"line":311,"column":4},"end":{"line":313,"column":5}}]}},"s":{"0":1,"1":1,"2":1,"3":1,"4":3,"5":1,"6":1,"7":1,"8":0,"9":1,"10":0,"11":0,"12":0,"13":0,"14":0,"15":0,"16":0,"17":0,"18":0,"19":0,"20":0,"21":0,"22":0,"23":0,"24":0,"25":0,"26":1,"27":1,"28":0,"29":1,"30":1,"31":0,"32":1,"33":0,"34":1,"35":1,"36":1,"37":0,"38":1,"39":1,"40":0,"41":1,"42":0,"43":1,"44":0,"45":1,"46":0,"47":0,"48":0,"49":0,"50":0,"51":0,"52":0,"53":0,"54":0,"55":0,"56":0,"57":0,"58":0,"59":0,"60":0,"61":1,"62":1},"f":{"0":3,"1":1,"2":0,"3":0,"4":0,"5":1,"6":1,"7":0,"8":0,"9":0,"10":0},"b":{"0":[0],"1":[0],"2":[0],"3":[0],"4":[0],"5":[0],"6":[0],"7":[1],"8":[0],"9":[0],"10":[0],"11":[1],"12":[0],"13":[0],"14":[0],"15":[0],"16":[0],"17":[0],"18":[0],"19":[0,0],"20":[0]}}
,"C:\\Users\\user\\recruitment-system-backend\\src\\jobs\\dto\\create-job.dto.ts": {"path":"C:\\Users\\user\\recruitment-system-backend\\src\\jobs\\dto\\create-job.dto.ts","statementMap":{"0":{"start":{"line":1,"column":0},"end":{"line":1,"column":96}},"1":{"start":{"line":2,"column":0},"end":{"line":2,"column":46}},"2":{"start":{"line":4,"column":0},"end":{"line":4,"column":13}},"3":{"start":{"line":7,"column":2},"end":{"line":7,"column":null}},"4":{"start":{"line":11,"column":2},"end":{"line":11,"column":null}},"5":{"start":{"line":15,"column":2},"end":{"line":15,"column":null}},"6":{"start":{"line":19,"column":2},"end":{"line":19,"column":null}},"7":{"start":{"line":22,"column":2},"end":{"line":22,"column":null}},"8":{"start":{"line":27,"column":2},"end":{"line":27,"column":null}},"9":{"start":{"line":32,"column":2},"end":{"line":32,"column":null}},"10":{"start":{"line":36,"column":2},"end":{"line":36,"column":null}},"11":{"start":{"line":40,"column":2},"end":{"line":40,"column":null}},"12":{"start":{"line":44,"column":2},"end":{"line":44,"column":null}}},"fnMap":{},"branchMap":{},"s":{"0":0,"1":0,"2":0,"3":0,"4":0,"5":0,"6":0,"7":0,"8":0,"9":0,"10":0,"11":0,"12":0},"f":{},"b":{}}
,"C:\\Users\\user\\recruitment-system-backend\\src\\jobs\\dto\\update-job.dto.ts": {"path":"C:\\Users\\user\\recruitment-system-backend\\src\\jobs\\dto\\update-job.dto.ts","statementMap":{"0":{"start":{"line":1,"column":0},"end":{"line":1,"column":96}},"1":{"start":{"line":2,"column":0},"end":{"line":2,"column":57}},"2":{"start":{"line":4,"column":0},"end":{"line":4,"column":13}},"3":{"start":{"line":8,"column":2},"end":{"line":8,"column":null}},"4":{"start":{"line":13,"column":2},"end":{"line":13,"column":null}},"5":{"start":{"line":18,"column":2},"end":{"line":18,"column":null}},"6":{"start":{"line":23,"column":2},"end":{"line":23,"column":null}},"7":{"start":{"line":27,"column":2},"end":{"line":27,"column":null}},"8":{"start":{"line":32,"column":2},"end":{"line":32,"column":null}},"9":{"start":{"line":37,"column":2},"end":{"line":37,"column":null}},"10":{"start":{"line":42,"column":2},"end":{"line":42,"column":null}},"11":{"start":{"line":47,"column":2},"end":{"line":47,"column":null}},"12":{"start":{"line":52,"column":2},"end":{"line":52,"column":null}},"13":{"start":{"line":56,"column":2},"end":{"line":56,"column":null}}},"fnMap":{},"branchMap":{},"s":{"0":0,"1":0,"2":0,"3":0,"4":0,"5":0,"6":0,"7":0,"8":0,"9":0,"10":0,"11":0,"12":0,"13":0},"f":{},"b":{}}
,"C:\\Users\\user\\recruitment-system-backend\\src\\prisma\\prisma.module.ts": {"path":"C:\\Users\\user\\recruitment-system-backend\\src\\prisma\\prisma.module.ts","statementMap":{"0":{"start":{"line":1,"column":0},"end":{"line":1,"column":40}},"1":{"start":{"line":2,"column":0},"end":{"line":2,"column":49}},"2":{"start":{"line":8,"column":7},"end":{"line":8,"column":null}},"3":{"start":{"line":8,"column":13},"end":{"line":8,"column":25}},"4":{"start":{"line":8,"column":13},"end":{"line":8,"column":null}}},"fnMap":{},"branchMap":{},"s":{"0":0,"1":0,"2":0,"3":0,"4":0},"f":{},"b":{}}
,"C:\\Users\\user\\recruitment-system-backend\\src\\prisma\\prisma.service.ts": {"path":"C:\\Users\\user\\recruitment-system-backend\\src\\prisma\\prisma.service.ts","statementMap":{"0":{"start":{"line":1,"column":0},"end":{"line":1,"column":58}},"1":{"start":{"line":2,"column":0},"end":{"line":2,"column":46}},"2":{"start":{"line":5,"column":7},"end":{"line":11,"column":null}},"3":{"start":{"line":8,"column":4},"end":{"line":8,"column":26}},"4":{"start":{"line":5,"column":13},"end":{"line":5,"column":26}},"5":{"start":{"line":5,"column":13},"end":{"line":11,"column":null}}},"fnMap":{"0":{"name":"(anonymous_1)","decl":{"start":{"line":7,"column":2},"end":{"line":7,"column":7}},"loc":{"start":{"line":7,"column":20},"end":{"line":9,"column":3}}}},"branchMap":{},"s":{"0":3,"1":3,"2":3,"3":0,"4":3,"5":3},"f":{"0":0},"b":{}}
,"C:\\Users\\user\\recruitment-system-backend\\src\\recruiter\\recruiter.controller.ts": {"path":"C:\\Users\\user\\recruitment-system-backend\\src\\recruiter\\recruiter.controller.ts","statementMap":{"0":{"start":{"line":1,"column":0},"end":{"line":1,"column":84}},"1":{"start":{"line":2,"column":0},"end":{"line":2,"column":55}},"2":{"start":{"line":3,"column":0},"end":{"line":3,"column":50}},"3":{"start":{"line":4,"column":0},"end":{"line":4,"column":49}},"4":{"start":{"line":5,"column":0},"end":{"line":5,"column":62}},"5":{"start":{"line":6,"column":0},"end":{"line":6,"column":38}},"6":{"start":{"line":11,"column":7},"end":{"line":59,"column":null}},"7":{"start":{"line":15,"column":4},"end":{"line":22,"column":6}},"8":{"start":{"line":27,"column":4},"end":{"line":31,"column":6}},"9":{"start":{"line":36,"column":4},"end":{"line":39,"column":6}},"10":{"start":{"line":47,"column":4},"end":{"line":49,"column":6}},"11":{"start":{"line":54,"column":4},"end":{"line":57,"column":6}},"12":{"start":{"line":11,"column":13},"end":{"line":11,"column":32}},"13":{"start":{"line":14,"column":2},"end":{"line":23,"column":null}},"14":{"start":{"line":26,"column":2},"end":{"line":32,"column":null}},"15":{"start":{"line":35,"column":2},"end":{"line":40,"column":null}},"16":{"start":{"line":43,"column":2},"end":{"line":50,"column":null}},"17":{"start":{"line":53,"column":2},"end":{"line":58,"column":null}},"18":{"start":{"line":11,"column":13},"end":{"line":59,"column":null}}},"fnMap":{"0":{"name":"(anonymous_4)","decl":{"start":{"line":14,"column":2},"end":{"line":14,"column":14}},"loc":{"start":{"line":14,"column":34},"end":{"line":23,"column":3}}},"1":{"name":"(anonymous_5)","decl":{"start":{"line":26,"column":2},"end":{"line":26,"column":18}},"loc":{"start":{"line":26,"column":38},"end":{"line":32,"column":3}}},"2":{"name":"(anonymous_6)","decl":{"start":{"line":35,"column":2},"end":{"line":35,"column":21}},"loc":{"start":{"line":35,"column":45},"end":{"line":40,"column":3}}},"3":{"name":"(anonymous_7)","decl":{"start":{"line":43,"column":2},"end":{"line":43,"column":23}},"loc":{"start":{"line":45,"column":36},"end":{"line":50,"column":3}}},"4":{"name":"(anonymous_8)","decl":{"start":{"line":53,"column":2},"end":{"line":53,"column":19}},"loc":{"start":{"line":53,"column":80},"end":{"line":58,"column":3}}}},"branchMap":{},"s":{"0":0,"1":0,"2":0,"3":0,"4":0,"5":0,"6":0,"7":0,"8":0,"9":0,"10":0,"11":0,"12":0,"13":0,"14":0,"15":0,"16":0,"17":0,"18":0},"f":{"0":0,"1":0,"2":0,"3":0,"4":0},"b":{}}
,"C:\\Users\\user\\recruitment-system-backend\\src\\recruiter\\recruiter.module.ts": {"path":"C:\\Users\\user\\recruitment-system-backend\\src\\recruiter\\recruiter.module.ts","statementMap":{"0":{"start":{"line":1,"column":0},"end":{"line":1,"column":40}},"1":{"start":{"line":2,"column":0},"end":{"line":2,"column":61}},"2":{"start":{"line":7,"column":7},"end":{"line":7,"column":null}},"3":{"start":{"line":7,"column":13},"end":{"line":7,"column":28}},"4":{"start":{"line":7,"column":13},"end":{"line":7,"column":null}}},"fnMap":{},"branchMap":{},"s":{"0":0,"1":0,"2":0,"3":0,"4":0},"f":{},"b":{}}
,"C:\\Users\\user\\recruitment-system-backend\\src\\uploads\\uploads.controller.ts": {"path":"C:\\Users\\user\\recruitment-system-backend\\src\\uploads\\uploads.controller.ts","statementMap":{"0":{"start":{"line":1,"column":0},"end":{"line":1,"column":80}},"1":{"start":{"line":3,"column":0},"end":{"line":3,"column":29}},"2":{"start":{"line":4,"column":0},"end":{"line":4,"column":25}},"3":{"start":{"line":7,"column":7},"end":{"line":44,"column":null}},"4":{"start":{"line":10,"column":4},"end":{"line":10,"column":47}},"5":{"start":{"line":13,"column":21},"end":{"line":13,"column":73}},"6":{"start":{"line":15,"column":4},"end":{"line":15,"column":48}},"7":{"start":{"line":18,"column":4},"end":{"line":21,"column":5}},"8":{"start":{"line":19,"column":6},"end":{"line":19,"column":56}},"9":{"start":{"line":20,"column":6},"end":{"line":20,"column":57}},"10":{"start":{"line":23,"column":4},"end":{"line":23,"column":55}},"11":{"start":{"line":26,"column":16},"end":{"line":26,"column":52}},"12":{"start":{"line":27,"column":46},"end":{"line":32,"column":6}},"13":{"start":{"line":34,"column":21},"end":{"line":34,"column":65}},"14":{"start":{"line":37,"column":4},"end":{"line":37,"column":44}},"15":{"start":{"line":38,"column":4},"end":{"line":38,"column":75}},"16":{"start":{"line":39,"column":4},"end":{"line":39,"column":47}},"17":{"start":{"line":42,"column":4},"end":{"line":42,"column":34}},"18":{"start":{"line":7,"column":13},"end":{"line":7,"column":30}},"19":{"start":{"line":9,"column":8},"end":{"line":43,"column":null}},"20":{"start":{"line":7,"column":13},"end":{"line":44,"column":null}}},"fnMap":{"0":{"name":"(anonymous_4)","decl":{"start":{"line":9,"column":2},"end":{"line":9,"column":7}},"loc":{"start":{"line":9,"column":71},"end":{"line":43,"column":3}}}},"branchMap":{"0":{"loc":{"start":{"line":18,"column":4},"end":{"line":21,"column":5}},"type":"if","locations":[{"start":{"line":18,"column":4},"end":{"line":21,"column":5}}]},"1":{"loc":{"start":{"line":34,"column":21},"end":{"line":34,"column":65}},"type":"binary-expr","locations":[{"start":{"line":34,"column":21},"end":{"line":34,"column":35}},{"start":{"line":34,"column":39},"end":{"line":34,"column":65}}]}},"s":{"0":0,"1":0,"2":0,"3":0,"4":0,"5":0,"6":0,"7":0,"8":0,"9":0,"10":0,"11":0,"12":0,"13":0,"14":0,"15":0,"16":0,"17":0,"18":0,"19":0,"20":0},"f":{"0":0},"b":{"0":[0],"1":[0,0]}}
,"C:\\Users\\user\\recruitment-system-backend\\src\\uploads\\uploads.module.ts": {"path":"C:\\Users\\user\\recruitment-system-backend\\src\\uploads\\uploads.module.ts","statementMap":{"0":{"start":{"line":1,"column":0},"end":{"line":1,"column":40}},"1":{"start":{"line":2,"column":0},"end":{"line":2,"column":57}},"2":{"start":{"line":7,"column":7},"end":{"line":7,"column":null}},"3":{"start":{"line":7,"column":13},"end":{"line":7,"column":26}},"4":{"start":{"line":7,"column":13},"end":{"line":7,"column":null}}},"fnMap":{},"branchMap":{},"s":{"0":0,"1":0,"2":0,"3":0,"4":0},"f":{},"b":{}}
,"C:\\Users\\user\\recruitment-system-backend\\src\\users\\users.controller.ts": {"path":"C:\\Users\\user\\recruitment-system-backend\\src\\users\\users.controller.ts","statementMap":{"0":{"start":{"line":1,"column":0},"end":{"line":1,"column":60}},"1":{"start":{"line":2,"column":0},"end":{"line":2,"column":55}},"2":{"start":{"line":3,"column":0},"end":{"line":3,"column":50}},"3":{"start":{"line":4,"column":0},"end":{"line":4,"column":49}},"4":{"start":{"line":5,"column":0},"end":{"line":5,"column":62}},"5":{"start":{"line":6,"column":0},"end":{"line":6,"column":38}},"6":{"start":{"line":7,"column":0},"end":{"line":7,"column":47}},"7":{"start":{"line":11,"column":7},"end":{"line":43,"column":null}},"8":{"start":{"line":12,"column":22},"end":{"line":12,"column":36}},"9":{"start":{"line":17,"column":4},"end":{"line":20,"column":6}},"10":{"start":{"line":27,"column":18},"end":{"line":27,"column":51}},"11":{"start":{"line":28,"column":4},"end":{"line":31,"column":6}},"12":{"start":{"line":38,"column":4},"end":{"line":41,"column":6}},"13":{"start":{"line":11,"column":13},"end":{"line":11,"column":28}},"14":{"start":{"line":16,"column":2},"end":{"line":21,"column":null}},"15":{"start":{"line":26,"column":8},"end":{"line":32,"column":null}},"16":{"start":{"line":37,"column":2},"end":{"line":42,"column":null}},"17":{"start":{"line":11,"column":13},"end":{"line":43,"column":null}}},"fnMap":{"0":{"name":"(anonymous_4)","decl":{"start":{"line":12,"column":2},"end":{"line":12,"column":22}},"loc":{"start":{"line":12,"column":48},"end":{"line":12,"column":52}}},"1":{"name":"(anonymous_5)","decl":{"start":{"line":16,"column":2},"end":{"line":16,"column":14}},"loc":{"start":{"line":16,"column":34},"end":{"line":21,"column":3}}},"2":{"name":"(anonymous_6)","decl":{"start":{"line":26,"column":2},"end":{"line":26,"column":7}},"loc":{"start":{"line":26,"column":19},"end":{"line":32,"column":3}}},"3":{"name":"(anonymous_7)","decl":{"start":{"line":37,"column":2},"end":{"line":37,"column":14}},"loc":{"start":{"line":37,"column":34},"end":{"line":42,"column":3}}}},"branchMap":{},"s":{"0":0,"1":0,"2":0,"3":0,"4":0,"5":0,"6":0,"7":0,"8":0,"9":0,"10":0,"11":0,"12":0,"13":0,"14":0,"15":0,"16":0,"17":0},"f":{"0":0,"1":0,"2":0,"3":0},"b":{}}
,"C:\\Users\\user\\recruitment-system-backend\\src\\users\\users.module.ts": {"path":"C:\\Users\\user\\recruitment-system-backend\\src\\users\\users.module.ts","statementMap":{"0":{"start":{"line":1,"column":0},"end":{"line":1,"column":40}},"1":{"start":{"line":2,"column":0},"end":{"line":2,"column":47}},"2":{"start":{"line":3,"column":0},"end":{"line":3,"column":55}},"3":{"start":{"line":4,"column":0},"end":{"line":4,"column":53}},"4":{"start":{"line":12,"column":7},"end":{"line":12,"column":null}},"5":{"start":{"line":12,"column":13},"end":{"line":12,"column":24}},"6":{"start":{"line":12,"column":13},"end":{"line":12,"column":null}}},"fnMap":{},"branchMap":{},"s":{"0":0,"1":0,"2":0,"3":0,"4":0,"5":0,"6":0},"f":{},"b":{}}
,"C:\\Users\\user\\recruitment-system-backend\\src\\users\\users.service.ts": {"path":"C:\\Users\\user\\recruitment-system-backend\\src\\users\\users.service.ts","statementMap":{"0":{"start":{"line":1,"column":0},"end":{"line":1,"column":44}},"1":{"start":{"line":2,"column":0},"end":{"line":2,"column":57}},"2":{"start":{"line":3,"column":0},"end":{"line":3,"column":44}},"3":{"start":{"line":4,"column":0},"end":{"line":4,"column":33}},"4":{"start":{"line":7,"column":7},"end":{"line":81,"column":null}},"5":{"start":{"line":8,"column":31},"end":{"line":8,"column":39}},"6":{"start":{"line":11,"column":4},"end":{"line":13,"column":7}},"7":{"start":{"line":17,"column":4},"end":{"line":19,"column":7}},"8":{"start":{"line":30,"column":27},"end":{"line":30,"column":72}},"9":{"start":{"line":32,"column":4},"end":{"line":41,"column":7}},"10":{"start":{"line":45,"column":4},"end":{"line":56,"column":26}},"11":{"start":{"line":60,"column":4},"end":{"line":63,"column":7}},"12":{"start":{"line":67,"column":4},"end":{"line":67,"column":57}},"13":{"start":{"line":71,"column":27},"end":{"line":71,"column":61}},"14":{"start":{"line":73,"column":4},"end":{"line":79,"column":7}},"15":{"start":{"line":7,"column":13},"end":{"line":7,"column":25}},"16":{"start":{"line":7,"column":13},"end":{"line":81,"column":null}}},"fnMap":{"0":{"name":"(anonymous_2)","decl":{"start":{"line":8,"column":2},"end":{"line":8,"column":31}},"loc":{"start":{"line":8,"column":52},"end":{"line":8,"column":56}}},"1":{"name":"(anonymous_3)","decl":{"start":{"line":10,"column":2},"end":{"line":10,"column":7}},"loc":{"start":{"line":10,"column":33},"end":{"line":14,"column":3}}},"2":{"name":"(anonymous_4)","decl":{"start":{"line":16,"column":2},"end":{"line":16,"column":7}},"loc":{"start":{"line":16,"column":27},"end":{"line":20,"column":3}}},"3":{"name":"(anonymous_5)","decl":{"start":{"line":22,"column":2},"end":{"line":22,"column":7}},"loc":{"start":{"line":29,"column":3},"end":{"line":42,"column":3}}},"4":{"name":"(anonymous_6)","decl":{"start":{"line":44,"column":2},"end":{"line":44,"column":7}},"loc":{"start":{"line":44,"column":15},"end":{"line":57,"column":3}}},"5":{"name":"(anonymous_7)","decl":{"start":{"line":59,"column":2},"end":{"line":59,"column":7}},"loc":{"start":{"line":59,"column":38},"end":{"line":64,"column":3}}},"6":{"name":"(anonymous_8)","decl":{"start":{"line":66,"column":2},"end":{"line":66,"column":7}},"loc":{"start":{"line":66,"column":70},"end":{"line":68,"column":3}}},"7":{"name":"(anonymous_9)","decl":{"start":{"line":70,"column":2},"end":{"line":70,"column":7}},"loc":{"start":{"line":70,"column":58},"end":{"line":80,"column":3}}}},"branchMap":{"0":{"loc":{"start":{"line":39,"column":14},"end":{"line":39,"column":50}},"type":"binary-expr","locations":[{"start":{"line":39,"column":14},"end":{"line":39,"column":32}},{"start":{"line":39,"column":36},"end":{"line":39,"column":50}}]}},"s":{"0":1,"1":1,"2":1,"3":1,"4":1,"5":0,"6":0,"7":0,"8":0,"9":0,"10":0,"11":0,"12":0,"13":0,"14":0,"15":1,"16":1},"f":{"0":0,"1":0,"2":0,"3":0,"4":0,"5":0,"6":0,"7":0},"b":{"0":[0,0]}}
}
