TN:
SF:src\app.controller.ts
FN:6,(anonymous_2)
FN:9,(anonymous_3)
FNF:2
FNH:0
FNDA:0,(anonymous_2)
FNDA:0,(anonymous_3)
DA:1,0
DA:2,0
DA:5,0
DA:6,0
DA:9,0
DA:10,0
LF:6
LH:0
BRF:0
BRH:0
end_of_record
TN:
SF:src\app.module.ts
FNF:0
FNH:0
DA:1,0
DA:2,0
DA:3,0
DA:4,0
DA:5,0
DA:6,0
DA:7,0
DA:8,0
DA:9,0
DA:10,0
DA:11,0
DA:12,0
DA:13,0
DA:14,0
DA:15,0
DA:16,0
DA:37,0
LF:17
LH:0
BRF:0
BRH:0
end_of_record
TN:
SF:src\app.service.ts
FN:5,(anonymous_1)
FNF:1
FNH:0
FNDA:0,(anonymous_1)
DA:1,0
DA:4,0
DA:6,0
LF:3
LH:0
BRF:0
BRH:0
end_of_record
TN:
SF:src\main.ts
FN:7,bootstrap
FNF:1
FNH:0
FNDA:0,bootstrap
DA:1,0
DA:2,0
DA:3,0
DA:5,0
DA:8,0
DA:11,0
DA:20,0
DA:26,0
DA:30,0
DA:31,0
DA:33,0
LF:11
LH:0
BRF:0
BRH:0
end_of_record
TN:
SF:src\admin\admin.controller.ts
FN:53,(anonymous_4)
FN:59,(anonymous_5)
FN:67,(anonymous_6)
FN:75,(anonymous_7)
FN:83,(anonymous_8)
FN:94,(anonymous_9)
FN:105,(anonymous_10)
FNF:7
FNH:0
FNDA:0,(anonymous_4)
FNDA:0,(anonymous_5)
FNDA:0,(anonymous_6)
FNDA:0,(anonymous_7)
FNDA:0,(anonymous_8)
FNDA:0,(anonymous_9)
FNDA:0,(anonymous_10)
DA:1,0
DA:14,0
DA:15,0
DA:16,0
DA:18,0
DA:20,0
DA:21,0
DA:52,0
DA:53,0
DA:59,0
DA:60,0
DA:67,0
DA:68,0
DA:75,0
DA:76,0
DA:83,0
DA:87,0
DA:94,0
DA:98,0
DA:105,0
DA:109,0
DA:110,0
LF:22
LH:0
BRDA:109,0,0,0
BRDA:109,0,1,0
BRF:2
BRH:0
end_of_record
TN:
SF:src\admin\admin.module.ts
FNF:0
FNH:0
DA:1,0
DA:2,0
DA:3,0
DA:4,0
DA:5,0
DA:12,0
LF:6
LH:0
BRF:0
BRH:0
end_of_record
TN:
SF:src\admin\admin.service.ts
FN:103,(anonymous_2)
FN:108,(anonymous_3)
FN:129,(anonymous_4)
FN:154,(anonymous_5)
FN:201,(anonymous_6)
FN:259,(anonymous_7)
FN:283,(anonymous_8)
FN:319,(anonymous_9)
FNF:8
FNH:0
FNDA:0,(anonymous_2)
FNDA:0,(anonymous_3)
FNDA:0,(anonymous_4)
FNDA:0,(anonymous_5)
FNDA:0,(anonymous_6)
FNDA:0,(anonymous_7)
FNDA:0,(anonymous_8)
FNDA:0,(anonymous_9)
DA:96,0
DA:97,0
DA:98,0
DA:99,0
DA:102,0
DA:103,0
DA:109,0
DA:130,0
DA:144,0
DA:145,0
DA:148,0
DA:163,0
DA:167,0
DA:168,0
DA:172,0
DA:175,0
DA:195,0
DA:212,0
DA:216,0
DA:217,0
DA:221,0
DA:222,0
DA:226,0
DA:227,0
DA:232,0
DA:253,0
DA:260,0
DA:264,0
DA:265,0
DA:268,0
DA:270,0
DA:277,0
DA:284,0
DA:288,0
DA:289,0
DA:293,0
DA:294,0
DA:298,0
DA:299,0
DA:303,0
DA:304,0
DA:309,0
DA:313,0
DA:320,0
DA:328,0
LF:45
LH:0
BRDA:144,0,0,0
BRDA:167,1,0,0
BRDA:216,2,0,0
BRDA:221,3,0,0
BRDA:221,4,0,0
BRDA:221,4,1,0
BRDA:226,5,0,0
BRDA:235,6,0,0
BRDA:235,6,1,0
BRDA:236,7,0,0
BRDA:236,7,1,0
BRDA:237,8,0,0
BRDA:237,8,1,0
BRDA:238,9,0,0
BRDA:238,9,1,0
BRDA:239,10,0,0
BRDA:239,10,1,0
BRDA:264,11,0,0
BRDA:288,12,0,0
BRDA:293,13,0,0
BRDA:298,14,0,0
BRDA:303,15,0,0
BRF:22
BRH:0
end_of_record
TN:
SF:src\admin\dto\create-user.dto.ts
FNF:0
FNH:0
DA:1,0
DA:2,0
DA:4,0
DA:7,0
DA:11,0
DA:15,0
DA:19,0
DA:22,0
LF:8
LH:0
BRF:0
BRH:0
end_of_record
TN:
SF:src\admin\dto\reset-password.dto.ts
FNF:0
FNH:0
DA:1,0
DA:3,0
DA:7,0
LF:3
LH:0
BRF:0
BRH:0
end_of_record
TN:
SF:src\admin\dto\update-user.dto.ts
FNF:0
FNH:0
DA:1,0
DA:2,0
DA:4,0
DA:7,0
DA:12,0
DA:17,0
DA:21,0
DA:25,0
LF:8
LH:0
BRF:0
BRH:0
end_of_record
TN:
SF:src\applications\applications.controller.ts
FN:32,(anonymous_4)
FN:39,(anonymous_5)
FN:47,(anonymous_6)
FN:59,(anonymous_7)
FN:75,(anonymous_8)
FN:110,(anonymous_9)
FN:136,(anonymous_10)
FN:148,(anonymous_11)
FN:160,(anonymous_12)
FN:171,(anonymous_13)
FN:183,(anonymous_14)
FN:196,(anonymous_15)
FN:89,(anonymous_16)
FN:96,(anonymous_17)
FNF:14
FNH:0
FNDA:0,(anonymous_4)
FNDA:0,(anonymous_5)
FNDA:0,(anonymous_6)
FNDA:0,(anonymous_7)
FNDA:0,(anonymous_8)
FNDA:0,(anonymous_9)
FNDA:0,(anonymous_10)
FNDA:0,(anonymous_11)
FNDA:0,(anonymous_12)
FNDA:0,(anonymous_13)
FNDA:0,(anonymous_14)
FNDA:0,(anonymous_15)
FNDA:0,(anonymous_16)
FNDA:0,(anonymous_17)
DA:1,0
DA:18,0
DA:19,0
DA:20,0
DA:21,0
DA:22,0
DA:23,0
DA:24,0
DA:25,0
DA:27,0
DA:31,0
DA:32,0
DA:39,0
DA:40,0
DA:41,0
DA:47,0
DA:52,0
DA:53,0
DA:59,0
DA:64,0
DA:65,0
DA:75,0
DA:76,0
DA:77,0
DA:90,0
DA:91,0
DA:92,0
DA:93,0
DA:97,0
DA:98,0
DA:103,0
DA:110,0
DA:115,0
DA:116,0
DA:119,0
DA:121,0
DA:122,0
DA:125,0
DA:127,0
DA:136,0
DA:140,0
DA:141,0
DA:143,0
DA:148,0
DA:152,0
DA:153,0
DA:154,0
DA:160,0
DA:164,0
DA:165,0
DA:171,0
DA:175,0
DA:176,0
DA:177,0
DA:183,0
DA:188,0
DA:189,0
DA:190,0
DA:196,0
DA:200,0
DA:201,0
DA:202,0
LF:62
LH:0
BRDA:40,0,0,0
BRDA:40,0,1,0
BRDA:52,1,0,0
BRDA:52,1,1,0
BRDA:64,2,0,0
BRDA:64,2,1,0
BRDA:76,3,0,0
BRDA:76,3,1,0
BRDA:115,4,0,0
BRDA:119,5,0,0
BRDA:119,5,1,0
BRDA:121,6,0,0
BRDA:140,7,0,0
BRDA:140,7,1,0
BRDA:152,8,0,0
BRDA:152,8,1,0
BRDA:164,9,0,0
BRDA:164,9,1,0
BRDA:175,10,0,0
BRDA:175,10,1,0
BRDA:188,11,0,0
BRDA:188,11,1,0
BRDA:200,12,0,0
BRDA:200,12,1,0
BRDA:97,13,0,0
BRF:25
BRH:0
end_of_record
TN:
SF:src\applications\applications.module.ts
FNF:0
FNH:0
DA:1,0
DA:2,0
DA:3,0
DA:4,0
DA:5,0
DA:6,0
DA:13,0
LF:7
LH:0
BRF:0
BRH:0
end_of_record
TN:
SF:src\applications\applications.service.ts
FN:15,(anonymous_2)
FN:21,(anonymous_3)
FN:91,(anonymous_4)
FN:121,(anonymous_5)
FN:148,(anonymous_6)
FN:243,(anonymous_7)
FN:271,(anonymous_8)
FN:310,(anonymous_9)
FN:353,(anonymous_10)
FN:392,(anonymous_11)
FN:427,(anonymous_12)
FN:449,(anonymous_13)
FN:502,(anonymous_14)
FN:516,(anonymous_15)
FN:535,(anonymous_16)
FN:574,(anonymous_17)
FNF:16
FNH:4
FNDA:3,(anonymous_2)
FNDA:0,(anonymous_3)
FNDA:0,(anonymous_4)
FNDA:0,(anonymous_5)
FNDA:0,(anonymous_6)
FNDA:0,(anonymous_7)
FNDA:0,(anonymous_8)
FNDA:0,(anonymous_9)
FNDA:1,(anonymous_10)
FNDA:0,(anonymous_11)
FNDA:0,(anonymous_12)
FNDA:0,(anonymous_13)
FNDA:0,(anonymous_14)
FNDA:0,(anonymous_15)
FNDA:1,(anonymous_16)
FNDA:1,(anonymous_17)
DA:2,1
DA:3,1
DA:4,1
DA:5,1
DA:7,1
DA:11,1
DA:13,3
DA:16,3
DA:17,3
DA:18,3
DA:22,0
DA:23,0
DA:25,0
DA:26,0
DA:30,0
DA:34,0
DA:35,0
DA:38,0
DA:39,0
DA:43,0
DA:50,0
DA:51,0
DA:55,0
DA:89,0
DA:90,0
DA:92,0
DA:95,0
DA:99,0
DA:100,0
DA:106,0
DA:109,0
DA:126,0
DA:127,0
DA:129,0
DA:130,0
DA:131,0
DA:134,0
DA:135,0
DA:138,0
DA:139,0
DA:142,0
DA:148,0
DA:149,0
DA:153,0
DA:155,0
DA:156,0
DA:158,0
DA:159,0
DA:161,0
DA:174,0
DA:177,0
DA:199,0
DA:206,0
DA:208,0
DA:221,0
DA:227,0
DA:231,0
DA:244,0
DA:274,0
DA:275,0
DA:282,0
DA:287,0
DA:288,0
DA:291,0
DA:311,0
DA:338,0
DA:339,0
DA:342,0
DA:343,0
DA:346,0
DA:347,0
DA:350,0
DA:354,1
DA:362,1
DA:363,0
DA:366,1
DA:367,0
DA:370,1
DA:371,0
DA:374,1
DA:383,1
DA:389,1
DA:393,0
DA:401,0
DA:402,0
DA:405,0
DA:406,0
DA:409,0
DA:418,0
DA:424,0
DA:428,0
DA:433,0
DA:434,0
DA:437,0
DA:438,0
DA:441,0
DA:450,0
DA:491,0
DA:503,0
DA:517,0
DA:522,0
DA:523,0
DA:526,0
DA:527,0
DA:530,0
DA:541,1
DA:546,1
DA:547,1
DA:548,0
DA:552,1
DA:558,1
DA:565,1
DA:571,1
DA:579,1
DA:584,1
DA:585,1
DA:586,0
DA:589,1
DA:594,1
DA:600,1
DA:606,1
LF:121
LH:31
BRDA:25,0,0,0
BRDA:34,1,0,0
BRDA:38,2,0,0
BRDA:50,3,0,0
BRDA:89,4,0,0
BRDA:89,4,1,0
BRDA:129,5,0,0
BRDA:153,6,0,0
BRDA:153,6,1,0
BRDA:158,7,0,0
BRDA:178,8,0,0
BRDA:178,8,1,0
BRDA:181,9,0,0
BRDA:181,9,1,0
BRDA:184,10,0,0
BRDA:184,10,1,0
BRDA:187,11,0,0
BRDA:187,11,1,0
BRDA:190,12,0,0
BRDA:190,12,1,0
BRDA:193,13,0,0
BRDA:193,13,1,0
BRDA:196,14,0,0
BRDA:196,14,1,0
BRDA:202,15,0,0
BRDA:202,15,1,0
BRDA:203,16,0,0
BRDA:203,16,1,0
BRDA:211,17,0,0
BRDA:211,17,1,0
BRDA:213,18,0,0
BRDA:213,18,1,0
BRDA:214,19,0,0
BRDA:214,19,1,0
BRDA:215,20,0,0
BRDA:215,20,1,0
BRDA:223,21,0,0
BRDA:223,21,1,0
BRDA:274,22,0,0
BRDA:274,22,1,0
BRDA:287,23,0,0
BRDA:338,24,0,0
BRDA:342,25,0,0
BRDA:342,26,0,0
BRDA:342,26,1,0
BRDA:346,27,0,0
BRDA:346,28,0,0
BRDA:346,28,1,0
BRDA:362,29,0,0
BRDA:366,30,0,0
BRDA:370,31,0,0
BRDA:401,32,0,0
BRDA:405,33,0,0
BRDA:405,34,0,0
BRDA:405,34,1,0
BRDA:433,35,0,0
BRDA:437,36,0,0
BRDA:437,37,0,0
BRDA:437,37,1,0
BRDA:522,38,0,0
BRDA:526,39,0,0
BRDA:526,40,0,0
BRDA:526,40,1,0
BRDA:546,41,0,0
BRDA:547,42,0,0
BRDA:584,43,0,0
BRDA:585,44,0,0
BRF:67
BRH:0
end_of_record
TN:
SF:src\applications\dto\create-application.dto.ts
FN:6,(anonymous_2)
FNF:1
FNH:0
FNDA:0,(anonymous_2)
DA:1,0
DA:2,0
DA:4,0
DA:6,0
DA:7,0
DA:11,0
LF:6
LH:0
BRF:0
BRH:0
end_of_record
TN:
SF:src\auth\auth.controller.ts
FN:64,(anonymous_4)
FN:67,(anonymous_5)
FN:72,(anonymous_6)
FN:77,(anonymous_7)
FN:82,(anonymous_8)
FN:88,(anonymous_9)
FNF:6
FNH:0
FNDA:0,(anonymous_4)
FNDA:0,(anonymous_5)
FNDA:0,(anonymous_6)
FNDA:0,(anonymous_7)
FNDA:0,(anonymous_8)
FNDA:0,(anonymous_9)
DA:53,0
DA:54,0
DA:55,0
DA:56,0
DA:57,0
DA:58,0
DA:59,0
DA:60,0
DA:63,0
DA:64,0
DA:67,0
DA:68,0
DA:72,0
DA:73,0
DA:77,0
DA:78,0
DA:82,0
DA:83,0
DA:88,0
DA:92,0
DA:94,0
LF:21
LH:0
BRDA:92,0,0,0
BRDA:92,0,1,0
BRF:2
BRH:0
end_of_record
TN:
SF:src\auth\auth.module.ts
FNF:0
FNH:0
DA:1,0
DA:2,0
DA:3,0
DA:4,0
DA:5,0
DA:6,0
DA:7,0
DA:8,0
DA:26,0
LF:9
LH:0
BRF:0
BRH:0
end_of_record
TN:
SF:src\auth\auth.service.ts
FN:18,(anonymous_2)
FN:21,(anonymous_3)
FN:28,(anonymous_4)
FN:54,(anonymous_5)
FN:85,(anonymous_6)
FN:94,(anonymous_7)
FN:100,(anonymous_8)
FN:136,(anonymous_9)
FN:184,(anonymous_10)
FNF:9
FNH:5
FNDA:0,(anonymous_2)
FNDA:5,(anonymous_3)
FNDA:2,(anonymous_4)
FNDA:3,(anonymous_5)
FNDA:2,(anonymous_6)
FNDA:2,(anonymous_7)
FNDA:0,(anonymous_8)
FNDA:0,(anonymous_9)
FNDA:0,(anonymous_10)
DA:1,1
DA:7,1
DA:10,1
DA:11,1
DA:12,1
DA:13,1
DA:14,1
DA:17,1
DA:19,0
DA:22,5
DA:23,5
DA:24,5
DA:29,2
DA:31,2
DA:32,1
DA:35,1
DA:44,1
DA:46,1
DA:55,3
DA:57,3
DA:58,1
DA:61,2
DA:62,0
DA:65,2
DA:70,2
DA:71,1
DA:74,1
DA:76,1
DA:78,1
DA:86,2
DA:91,2
DA:95,2
DA:96,2
DA:101,0
DA:105,0
DA:106,0
DA:112,0
DA:113,0
DA:115,0
DA:116,0
DA:118,0
DA:126,0
DA:128,0
DA:137,0
DA:149,0
DA:150,0
DA:152,0
DA:153,0
DA:154,0
DA:156,0
DA:157,0
DA:158,0
DA:163,0
DA:164,0
DA:167,0
DA:169,0
DA:178,0
DA:189,0
DA:190,0
DA:193,0
DA:197,0
DA:198,0
DA:201,0
DA:206,0
DA:207,0
DA:210,0
DA:215,0
DA:216,0
DA:221,0
DA:223,0
DA:231,0
LF:71
LH:31
BRDA:31,0,0,1
BRDA:41,1,0,1
BRDA:41,1,1,0
BRDA:57,2,0,1
BRDA:61,3,0,0
BRDA:70,4,0,1
BRDA:105,5,0,0
BRDA:153,6,0,0
BRDA:153,7,0,0
BRDA:153,7,1,0
BRDA:156,8,0,0
BRDA:156,9,0,0
BRDA:156,9,1,0
BRDA:163,10,0,0
BRDA:189,11,0,0
BRDA:197,12,0,0
BRDA:206,13,0,0
BRDA:215,14,0,0
BRF:18
BRH:4
end_of_record
TN:
SF:src\auth\current-user.decorator.ts
FN:4,(anonymous_0)
FNF:1
FNH:0
FNDA:0,(anonymous_0)
DA:1,0
DA:3,0
DA:5,0
DA:6,0
DA:7,0
LF:5
LH:0
BRDA:7,0,0,0
BRDA:7,0,1,0
BRF:2
BRH:0
end_of_record
TN:
SF:src\auth\jwt-auth.guard.ts
FNF:0
FNH:0
DA:1,0
DA:2,0
DA:5,0
LF:3
LH:0
BRF:0
BRH:0
end_of_record
TN:
SF:src\auth\jwt.strategy.ts
FN:7,(anonymous_2)
FN:14,(anonymous_3)
FNF:2
FNH:0
FNDA:0,(anonymous_2)
FNDA:0,(anonymous_3)
DA:1,0
DA:2,0
DA:3,0
DA:6,0
DA:8,0
DA:15,0
LF:6
LH:0
BRF:0
BRH:0
end_of_record
TN:
SF:src\auth\roles.decorator.ts
FN:5,(anonymous_0)
FNF:1
FNH:0
FNDA:0,(anonymous_0)
DA:1,0
DA:4,0
DA:5,0
LF:3
LH:0
BRF:0
BRH:0
end_of_record
TN:
SF:src\auth\roles.guard.ts
FN:8,(anonymous_2)
FN:10,(anonymous_3)
FN:26,(anonymous_4)
FNF:3
FNH:0
FNDA:0,(anonymous_2)
FNDA:0,(anonymous_3)
FNDA:0,(anonymous_4)
DA:1,0
DA:2,0
DA:3,0
DA:7,0
DA:8,0
DA:11,0
DA:16,0
DA:17,0
DA:20,0
DA:22,0
DA:23,0
DA:26,0
DA:28,0
DA:29,0
DA:34,0
LF:15
LH:0
BRDA:16,0,0,0
BRDA:22,1,0,0
BRDA:28,2,0,0
BRF:3
BRH:0
end_of_record
TN:
SF:src\auth\dto\change-password.dto.ts
FNF:0
FNH:0
DA:1,0
DA:3,0
DA:5,0
DA:11,0
LF:4
LH:0
BRF:0
BRH:0
end_of_record
TN:
SF:src\auth\dto\login.dto.ts
FNF:0
FNH:0
DA:1,0
DA:3,0
DA:5,0
DA:8,0
LF:4
LH:0
BRF:0
BRH:0
end_of_record
TN:
SF:src\auth\dto\register.dto.ts
FNF:0
FNH:0
DA:1,0
DA:2,0
DA:4,0
DA:6,0
DA:10,0
DA:13,0
DA:16,0
DA:20,0
DA:24,0
LF:9
LH:0
BRF:0
BRH:0
end_of_record
TN:
SF:src\auth\dto\request-password-reset.dto.ts
FNF:0
FNH:0
DA:1,0
DA:3,0
DA:6,0
LF:3
LH:0
BRF:0
BRH:0
end_of_record
TN:
SF:src\auth\dto\reset-password.dto.ts
FNF:0
FNH:0
DA:1,0
DA:3,0
DA:6,0
DA:11,0
LF:4
LH:0
BRF:0
BRH:0
end_of_record
TN:
SF:src\candidate\candidate.controller.ts
FN:63,(anonymous_4)
FN:88,(anonymous_5)
FN:70,(anonymous_6)
FN:77,(anonymous_7)
FNF:4
FNH:0
FNDA:0,(anonymous_4)
FNDA:0,(anonymous_5)
FNDA:0,(anonymous_6)
FNDA:0,(anonymous_7)
DA:50,0
DA:51,0
DA:52,0
DA:53,0
DA:54,0
DA:55,0
DA:56,0
DA:57,0
DA:62,0
DA:63,0
DA:71,0
DA:72,0
DA:73,0
DA:74,0
DA:78,0
DA:79,0
DA:81,0
DA:88,0
DA:93,0
DA:95,0
DA:96,0
DA:100,0
DA:102,0
LF:23
LH:0
BRDA:93,0,0,0
BRDA:93,0,1,0
BRDA:95,1,0,0
BRDA:78,2,0,0
BRF:4
BRH:0
end_of_record
TN:
SF:src\candidate\candidate.module.ts
FNF:0
FNH:0
DA:1,0
DA:2,0
DA:3,0
DA:9,0
LF:4
LH:0
BRF:0
BRH:0
end_of_record
TN:
SF:src\django-ai\django-ai.module.ts
FNF:0
FNH:0
DA:1,0
DA:2,0
DA:8,0
LF:3
LH:0
BRF:0
BRH:0
end_of_record
TN:
SF:src\django-ai\django-ai.service.ts
FN:37,(anonymous_2)
FN:45,(anonymous_3)
FN:62,(anonymous_4)
FN:113,(anonymous_5)
FN:188,(anonymous_6)
FN:197,(anonymous_7)
FNF:6
FNH:0
FNDA:0,(anonymous_2)
FNDA:0,(anonymous_3)
FNDA:0,(anonymous_4)
FNDA:0,(anonymous_5)
FNDA:0,(anonymous_6)
FNDA:0,(anonymous_7)
DA:2,1
DA:3,1
DA:4,1
DA:5,1
DA:7,1
DA:33,1
DA:34,0
DA:37,0
DA:38,0
DA:42,0
DA:46,0
DA:47,0
DA:54,0
DA:55,0
DA:57,0
DA:58,0
DA:70,0
DA:71,0
DA:73,0
DA:91,0
DA:92,0
DA:95,0
DA:98,0
DA:100,0
DA:102,0
DA:119,0
DA:120,0
DA:122,0
DA:123,0
DA:126,0
DA:127,0
DA:130,0
DA:132,0
DA:133,0
DA:135,0
DA:136,0
DA:139,0
DA:140,0
DA:146,0
DA:157,0
DA:158,0
DA:160,0
DA:167,0
DA:169,0
DA:173,0
DA:194,0
DA:198,0
DA:199,0
DA:201,0
DA:202,0
DA:205,0
DA:206,0
DA:209,0
DA:211,0
DA:213,0
DA:224,0
DA:225,0
DA:226,0
DA:229,0
DA:231,0
DA:233,0
LF:61
LH:6
BRDA:39,0,0,0
BRDA:39,0,1,0
BRDA:78,1,0,0
BRDA:78,1,1,0
BRDA:79,2,0,0
BRDA:79,2,1,0
BRDA:80,3,0,0
BRDA:80,3,1,0
BRDA:81,4,0,0
BRDA:81,4,1,0
BRDA:91,5,0,0
BRDA:91,6,0,0
BRDA:91,6,1,0
BRDA:98,7,0,0
BRDA:98,7,1,0
BRDA:122,8,0,0
BRDA:126,9,0,0
BRDA:135,10,0,0
BRDA:135,11,0,0
BRDA:135,11,1,0
BRDA:139,12,0,0
BRDA:157,13,0,0
BRDA:167,14,0,0
BRDA:167,14,1,0
BRDA:201,15,0,0
BRDA:205,16,0,0
BRDA:224,17,0,0
BRDA:224,18,0,0
BRDA:224,18,1,0
BRDA:229,19,0,0
BRDA:229,19,1,0
BRF:31
BRH:0
end_of_record
TN:
SF:src\email\email.module.ts
FNF:0
FNH:0
DA:1,0
DA:2,0
DA:8,0
LF:3
LH:0
BRF:0
BRH:0
end_of_record
TN:
SF:src\email\email.service.ts
FN:6,(anonymous_2)
FN:12,(anonymous_3)
FN:23,(anonymous_4)
FN:93,(anonymous_5)
FN:117,(anonymous_6)
FN:141,(anonymous_7)
FN:194,(anonymous_8)
FN:220,(anonymous_9)
FN:250,(anonymous_10)
FN:276,(anonymous_11)
FNF:10
FNH:0
FNDA:0,(anonymous_2)
FNDA:0,(anonymous_3)
FNDA:0,(anonymous_4)
FNDA:0,(anonymous_5)
FNDA:0,(anonymous_6)
FNDA:0,(anonymous_7)
FNDA:0,(anonymous_8)
FNDA:0,(anonymous_9)
FNDA:0,(anonymous_10)
FNDA:0,(anonymous_11)
DA:1,2
DA:2,2
DA:5,2
DA:7,0
DA:14,0
DA:30,0
DA:82,0
DA:83,0
DA:84,0
DA:85,0
DA:87,0
DA:88,0
DA:98,0
DA:99,0
DA:114,0
DA:122,0
DA:123,0
DA:138,0
DA:150,0
DA:156,0
DA:157,0
DA:166,0
DA:191,0
DA:201,0
DA:202,0
DA:217,0
DA:225,0
DA:226,0
DA:247,0
DA:255,0
DA:256,0
DA:273,0
DA:277,0
DA:278,0
DA:284,0
DA:286,0
LF:36
LH:3
BRDA:174,0,0,0
BRDA:174,0,1,0
BRDA:176,1,0,0
BRDA:176,1,1,0
BRF:4
BRH:0
end_of_record
TN:
SF:src\google-meet\google-meet.module.ts
FNF:0
FNH:0
DA:1,0
DA:2,0
DA:8,0
LF:3
LH:0
BRF:0
BRH:0
end_of_record
TN:
SF:src\google-meet\google-meet.service.ts
FN:50,(anonymous_1)
FN:86,(anonymous_2)
FNF:2
FNH:0
FNDA:0,(anonymous_1)
FNDA:0,(anonymous_2)
DA:46,0
DA:49,0
DA:62,0
DA:63,0
DA:65,0
DA:69,0
DA:71,0
DA:73,0
DA:75,0
DA:81,0
DA:82,0
DA:87,0
LF:12
LH:0
BRDA:69,0,0,0
BRDA:69,0,1,0
BRF:2
BRH:0
end_of_record
TN:
SF:src\hr-manager\hr-manager.controller.ts
FN:14,(anonymous_4)
FN:26,(anonymous_5)
FN:39,(anonymous_6)
FN:47,(anonymous_7)
FN:55,(anonymous_8)
FN:63,(anonymous_9)
FN:70,(anonymous_10)
FN:78,(anonymous_11)
FNF:8
FNH:0
FNDA:0,(anonymous_4)
FNDA:0,(anonymous_5)
FNDA:0,(anonymous_6)
FNDA:0,(anonymous_7)
FNDA:0,(anonymous_8)
FNDA:0,(anonymous_9)
FNDA:0,(anonymous_10)
FNDA:0,(anonymous_11)
DA:1,0
DA:2,0
DA:3,0
DA:4,0
DA:5,0
DA:6,0
DA:11,0
DA:14,0
DA:15,0
DA:26,0
DA:27,0
DA:39,0
DA:40,0
DA:47,0
DA:48,0
DA:55,0
DA:56,0
DA:63,0
DA:64,0
DA:70,0
DA:71,0
DA:78,0
DA:79,0
LF:23
LH:0
BRF:0
BRH:0
end_of_record
TN:
SF:src\hr-manager\hr-manager.module.ts
FNF:0
FNH:0
DA:1,0
DA:2,0
DA:7,0
LF:3
LH:0
BRF:0
BRH:0
end_of_record
TN:
SF:src\interviews\interviews.controller.ts
FN:25,(anonymous_4)
FN:30,(anonymous_5)
FN:40,(anonymous_6)
FN:48,(anonymous_7)
FN:61,(anonymous_8)
FN:69,(anonymous_9)
FN:77,(anonymous_10)
FNF:7
FNH:0
FNDA:0,(anonymous_4)
FNDA:0,(anonymous_5)
FNDA:0,(anonymous_6)
FNDA:0,(anonymous_7)
FNDA:0,(anonymous_8)
FNDA:0,(anonymous_9)
FNDA:0,(anonymous_10)
DA:1,0
DA:13,0
DA:14,0
DA:15,0
DA:17,0
DA:18,0
DA:19,0
DA:20,0
DA:24,0
DA:25,0
DA:30,0
DA:31,0
DA:32,0
DA:33,0
DA:40,0
DA:41,0
DA:42,0
DA:48,0
DA:53,0
DA:54,0
DA:55,0
DA:61,0
DA:62,0
DA:63,0
DA:69,0
DA:70,0
DA:71,0
DA:77,0
DA:78,0
LF:29
LH:0
BRDA:31,0,0,0
BRDA:31,0,1,0
BRDA:41,1,0,0
BRDA:41,1,1,0
BRDA:53,2,0,0
BRDA:53,2,1,0
BRDA:62,3,0,0
BRDA:62,3,1,0
BRDA:70,4,0,0
BRDA:70,4,1,0
BRF:10
BRH:0
end_of_record
TN:
SF:src\interviews\interviews.module.ts
FNF:0
FNH:0
DA:1,0
DA:2,0
DA:3,0
DA:4,0
DA:5,0
DA:6,0
DA:16,0
LF:7
LH:0
BRF:0
BRH:0
end_of_record
TN:
SF:src\interviews\interviews.service.ts
FN:347,(anonymous_2)
FN:353,(anonymous_3)
FN:413,(anonymous_4)
FN:532,(anonymous_5)
FN:571,(anonymous_6)
FN:594,(anonymous_7)
FN:705,(anonymous_8)
FN:755,(anonymous_9)
FN:775,(anonymous_10)
FN:789,(anonymous_11)
FN:816,(anonymous_12)
FNF:11
FNH:0
FNDA:0,(anonymous_2)
FNDA:0,(anonymous_3)
FNDA:0,(anonymous_4)
FNDA:0,(anonymous_5)
FNDA:0,(anonymous_6)
FNDA:0,(anonymous_7)
FNDA:0,(anonymous_8)
FNDA:0,(anonymous_9)
FNDA:0,(anonymous_10)
FNDA:0,(anonymous_11)
FNDA:0,(anonymous_12)
DA:326,0
DA:332,0
DA:339,0
DA:340,0
DA:341,0
DA:346,0
DA:348,0
DA:349,0
DA:350,0
DA:354,0
DA:361,0
DA:369,0
DA:370,0
DA:374,0
DA:378,0
DA:379,0
DA:382,0
DA:384,0
DA:385,0
DA:387,0
DA:388,0
DA:391,0
DA:392,0
DA:394,0
DA:395,0
DA:397,0
DA:398,0
DA:400,0
DA:413,0
DA:414,0
DA:415,0
DA:416,0
DA:420,0
DA:423,0
DA:424,0
DA:429,0
DA:430,0
DA:431,0
DA:432,0
DA:433,0
DA:436,0
DA:437,0
DA:438,0
DA:440,0
DA:449,0
DA:450,0
DA:451,0
DA:452,0
DA:453,0
DA:455,0
DA:457,0
DA:458,0
DA:463,0
DA:497,0
DA:498,0
DA:504,0
DA:510,0
DA:512,0
DA:514,0
DA:524,0
DA:526,0
DA:533,0
DA:534,0
DA:537,0
DA:538,0
DA:540,0
DA:541,0
DA:543,0
DA:544,0
DA:547,0
DA:571,0
DA:572,0
DA:573,0
DA:574,0
DA:576,0
DA:600,0
DA:612,0
DA:613,0
DA:616,0
DA:617,0
DA:622,0
DA:626,0
DA:654,0
DA:655,0
DA:662,0
DA:668,0
DA:671,0
DA:673,0
DA:680,0
DA:681,0
DA:687,0
DA:693,0
DA:702,0
DA:706,0
DA:710,0
DA:711,0
DA:714,0
DA:715,0
DA:721,0
DA:722,0
DA:723,0
DA:724,0
DA:726,0
DA:730,0
DA:756,0
DA:776,0
DA:795,0
DA:797,0
DA:798,0
DA:800,0
DA:801,0
DA:803,0
DA:804,0
DA:806,0
DA:809,0
DA:819,0
DA:822,0
DA:826,0
DA:830,0
DA:833,0
LF:120
LH:0
BRDA:369,0,0,0
BRDA:378,1,0,0
BRDA:385,2,0,0
BRDA:385,2,1,0
BRDA:387,3,0,0
BRDA:417,4,0,0
BRDA:417,4,1,0
BRDA:420,5,0,0
BRDA:420,5,1,0
BRDA:423,6,0,0
BRDA:429,7,0,0
BRDA:429,7,1,0
BRDA:436,8,0,0
BRDA:510,9,0,0
BRDA:510,9,1,0
BRDA:510,9,2,0
BRDA:521,10,0,0
BRDA:521,10,1,0
BRDA:533,11,0,0
BRDA:543,12,0,0
BRDA:574,13,0,0
BRDA:574,13,1,0
BRDA:583,14,0,0
BRDA:583,14,1,0
BRDA:584,15,0,0
BRDA:584,15,1,0
BRDA:585,16,0,0
BRDA:585,16,1,0
BRDA:588,17,0,0
BRDA:588,17,1,0
BRDA:589,18,0,0
BRDA:589,18,1,0
BRDA:612,19,0,0
BRDA:616,20,0,0
BRDA:616,21,0,0
BRDA:616,21,1,0
BRDA:622,22,0,0
BRDA:622,22,1,0
BRDA:654,23,0,0
BRDA:680,24,0,0
BRDA:680,24,1,0
BRDA:710,25,0,0
BRDA:714,26,0,0
BRDA:721,27,0,0
BRDA:795,28,0,0
BRDA:795,28,1,0
BRDA:795,28,2,0
BRDA:795,28,3,0
BRDA:819,29,0,0
BRDA:819,29,1,0
BRDA:819,29,2,0
BRDA:819,29,3,0
BRF:52
BRH:0
end_of_record
TN:
SF:src\interviews\dto\create-interview.dto.ts
FNF:0
FNH:0
DA:32,0
DA:40,0
DA:42,0
DA:44,0
DA:47,0
DA:50,0
DA:54,0
DA:58,0
DA:62,0
DA:67,0
LF:10
LH:0
BRF:0
BRH:0
end_of_record
TN:
SF:src\interviews\dto\evaluate-interview.dto.ts
FNF:0
FNH:0
DA:1,0
DA:3,0
DA:5,0
DA:8,0
DA:12,0
LF:5
LH:0
BRF:0
BRH:0
end_of_record
TN:
SF:src\jobs\jobs.controller.ts
FN:123,(anonymous_4)
FN:128,(anonymous_5)
FN:139,(anonymous_6)
FN:156,(anonymous_7)
FN:174,(anonymous_8)
FN:184,(anonymous_9)
FN:196,(anonymous_10)
FN:207,(anonymous_11)
FN:214,(anonymous_12)
FN:222,(anonymous_13)
FNF:10
FNH:0
FNDA:0,(anonymous_4)
FNDA:0,(anonymous_5)
FNDA:0,(anonymous_6)
FNDA:0,(anonymous_7)
FNDA:0,(anonymous_8)
FNDA:0,(anonymous_9)
FNDA:0,(anonymous_10)
FNDA:0,(anonymous_11)
FNDA:0,(anonymous_12)
FNDA:0,(anonymous_13)
DA:1,0
DA:13,0
DA:14,0
DA:15,0
DA:16,0
DA:17,0
DA:18,0
DA:19,0
DA:122,0
DA:123,0
DA:128,0
DA:132,0
DA:133,0
DA:139,0
DA:143,0
DA:144,0
DA:156,0
DA:162,0
DA:165,0
DA:166,0
DA:168,0
DA:174,0
DA:178,0
DA:184,0
DA:188,0
DA:189,0
DA:190,0
DA:196,0
DA:200,0
DA:201,0
DA:202,0
DA:207,0
DA:208,0
DA:214,0
DA:215,0
DA:216,0
DA:217,0
DA:222,0
DA:223,0
LF:39
LH:0
BRDA:132,0,0,0
BRDA:132,0,1,0
BRDA:143,1,0,0
BRDA:143,1,1,0
BRDA:162,2,0,0
BRDA:162,2,1,0
BRDA:162,2,2,0
BRDA:188,3,0,0
BRDA:188,3,1,0
BRDA:200,4,0,0
BRDA:200,4,1,0
BRDA:215,5,0,0
BRDA:215,5,1,0
BRF:13
BRH:0
end_of_record
TN:
SF:src\jobs\jobs.module.ts
FNF:0
FNH:0
DA:1,0
DA:2,0
DA:3,0
DA:4,0
DA:12,0
LF:5
LH:0
BRF:0
BRH:0
end_of_record
TN:
SF:src\jobs\jobs.service.ts
FN:9,(anonymous_2)
FN:12,(anonymous_3)
FN:39,(anonymous_4)
FN:65,(anonymous_5)
FN:84,(anonymous_6)
FN:133,(anonymous_7)
FN:165,(anonymous_8)
FN:201,(anonymous_9)
FN:228,(anonymous_10)
FN:269,(anonymous_11)
FN:292,(anonymous_12)
FNF:11
FNH:4
FNDA:3,(anonymous_2)
FNDA:1,(anonymous_3)
FNDA:0,(anonymous_4)
FNDA:0,(anonymous_5)
FNDA:0,(anonymous_6)
FNDA:1,(anonymous_7)
FNDA:1,(anonymous_8)
FNDA:0,(anonymous_9)
FNDA:0,(anonymous_10)
FNDA:0,(anonymous_11)
FNDA:0,(anonymous_12)
DA:1,1
DA:2,1
DA:5,1
DA:8,1
DA:9,3
DA:13,1
DA:14,1
DA:16,1
DA:17,0
DA:20,1
DA:40,0
DA:44,0
DA:45,0
DA:48,0
DA:49,0
DA:52,0
DA:53,0
DA:56,0
DA:66,0
DA:70,0
DA:71,0
DA:74,0
DA:85,0
DA:89,0
DA:90,0
DA:93,0
DA:134,1
DA:138,1
DA:139,0
DA:143,1
DA:144,1
DA:145,0
DA:147,1
DA:148,0
DA:156,1
DA:166,1
DA:177,1
DA:178,0
DA:182,1
DA:183,1
DA:184,0
DA:186,1
DA:187,0
DA:189,1
DA:190,0
DA:195,1
DA:202,0
DA:206,0
DA:207,0
DA:211,0
DA:212,0
DA:213,0
DA:218,0
DA:229,0
DA:230,0
DA:253,0
DA:270,0
DA:293,0
DA:311,0
DA:312,0
DA:315,0
LF:61
LH:22
BRDA:16,0,0,0
BRDA:44,1,0,0
BRDA:48,2,0,0
BRDA:52,3,0,0
BRDA:70,4,0,0
BRDA:89,5,0,0
BRDA:138,6,0,0
BRDA:143,7,0,1
BRDA:144,8,0,0
BRDA:147,9,0,0
BRDA:177,10,0,0
BRDA:182,11,0,1
BRDA:183,12,0,0
BRDA:186,13,0,0
BRDA:189,14,0,0
BRDA:206,15,0,0
BRDA:211,16,0,0
BRDA:212,17,0,0
BRDA:229,18,0,0
BRDA:229,19,0,0
BRDA:229,19,1,0
BRDA:311,20,0,0
BRF:22
BRH:2
end_of_record
TN:
SF:src\jobs\dto\create-job.dto.ts
FNF:0
FNH:0
DA:1,0
DA:2,0
DA:4,0
DA:7,0
DA:11,0
DA:15,0
DA:19,0
DA:22,0
DA:27,0
DA:32,0
DA:36,0
DA:40,0
DA:44,0
LF:13
LH:0
BRF:0
BRH:0
end_of_record
TN:
SF:src\jobs\dto\update-job.dto.ts
FNF:0
FNH:0
DA:1,0
DA:2,0
DA:4,0
DA:8,0
DA:13,0
DA:18,0
DA:23,0
DA:27,0
DA:32,0
DA:37,0
DA:42,0
DA:47,0
DA:52,0
DA:56,0
LF:14
LH:0
BRF:0
BRH:0
end_of_record
TN:
SF:src\prisma\prisma.module.ts
FNF:0
FNH:0
DA:1,0
DA:2,0
DA:8,0
LF:3
LH:0
BRF:0
BRH:0
end_of_record
TN:
SF:src\prisma\prisma.service.ts
FN:7,(anonymous_1)
FNF:1
FNH:0
FNDA:0,(anonymous_1)
DA:1,3
DA:2,3
DA:5,3
DA:8,0
LF:4
LH:3
BRF:0
BRH:0
end_of_record
TN:
SF:src\recruiter\recruiter.controller.ts
FN:14,(anonymous_4)
FN:26,(anonymous_5)
FN:35,(anonymous_6)
FN:43,(anonymous_7)
FN:53,(anonymous_8)
FNF:5
FNH:0
FNDA:0,(anonymous_4)
FNDA:0,(anonymous_5)
FNDA:0,(anonymous_6)
FNDA:0,(anonymous_7)
FNDA:0,(anonymous_8)
DA:1,0
DA:2,0
DA:3,0
DA:4,0
DA:5,0
DA:6,0
DA:11,0
DA:14,0
DA:15,0
DA:26,0
DA:27,0
DA:35,0
DA:36,0
DA:43,0
DA:47,0
DA:53,0
DA:54,0
LF:17
LH:0
BRF:0
BRH:0
end_of_record
TN:
SF:src\recruiter\recruiter.module.ts
FNF:0
FNH:0
DA:1,0
DA:2,0
DA:7,0
LF:3
LH:0
BRF:0
BRH:0
end_of_record
TN:
SF:src\uploads\uploads.controller.ts
FN:9,(anonymous_4)
FNF:1
FNH:0
FNDA:0,(anonymous_4)
DA:1,0
DA:3,0
DA:4,0
DA:7,0
DA:9,0
DA:10,0
DA:13,0
DA:15,0
DA:18,0
DA:19,0
DA:20,0
DA:23,0
DA:26,0
DA:27,0
DA:34,0
DA:37,0
DA:38,0
DA:39,0
DA:42,0
LF:19
LH:0
BRDA:18,0,0,0
BRDA:34,1,0,0
BRDA:34,1,1,0
BRF:3
BRH:0
end_of_record
TN:
SF:src\uploads\uploads.module.ts
FNF:0
FNH:0
DA:1,0
DA:2,0
DA:7,0
LF:3
LH:0
BRF:0
BRH:0
end_of_record
TN:
SF:src\users\users.controller.ts
FN:12,(anonymous_4)
FN:16,(anonymous_5)
FN:26,(anonymous_6)
FN:37,(anonymous_7)
FNF:4
FNH:0
FNDA:0,(anonymous_4)
FNDA:0,(anonymous_5)
FNDA:0,(anonymous_6)
FNDA:0,(anonymous_7)
DA:1,0
DA:2,0
DA:3,0
DA:4,0
DA:5,0
DA:6,0
DA:7,0
DA:11,0
DA:12,0
DA:16,0
DA:17,0
DA:26,0
DA:27,0
DA:28,0
DA:37,0
DA:38,0
LF:16
LH:0
BRF:0
BRH:0
end_of_record
TN:
SF:src\users\users.module.ts
FNF:0
FNH:0
DA:1,0
DA:2,0
DA:3,0
DA:4,0
DA:12,0
LF:5
LH:0
BRF:0
BRH:0
end_of_record
TN:
SF:src\users\users.service.ts
FN:8,(anonymous_2)
FN:10,(anonymous_3)
FN:16,(anonymous_4)
FN:22,(anonymous_5)
FN:44,(anonymous_6)
FN:59,(anonymous_7)
FN:66,(anonymous_8)
FN:70,(anonymous_9)
FNF:8
FNH:0
FNDA:0,(anonymous_2)
FNDA:0,(anonymous_3)
FNDA:0,(anonymous_4)
FNDA:0,(anonymous_5)
FNDA:0,(anonymous_6)
FNDA:0,(anonymous_7)
FNDA:0,(anonymous_8)
FNDA:0,(anonymous_9)
DA:1,1
DA:2,1
DA:3,1
DA:4,1
DA:7,1
DA:8,0
DA:11,0
DA:17,0
DA:30,0
DA:32,0
DA:45,0
DA:60,0
DA:67,0
DA:71,0
DA:73,0
LF:15
LH:5
BRDA:39,0,0,0
BRDA:39,0,1,0
BRF:2
BRH:0
end_of_record
